# Chunk-averaged data for fix avegroupC and group groupC
# Timestep Number-of-chunks Total-count
# Chunk Coord1 Ncount density/number
10000 1500 189.99999999999972
  1 0.01 0 0
  2 0.03 0 0
  3 0.05 0 0
  4 0.07 0 0
  5 0.09 0 0
  6 0.11 0 0
  7 0.13 0 0
  8 0.15 0 0
  9 0.17 0 0
  10 0.19 0 0
  11 0.21 0 0
  12 0.23 0 0
  13 0.25 0 0
  14 0.27 0 0
  15 0.29 0 0
  16 0.31 0 0
  17 0.33 0 0
  18 0.35 0 0
  19 0.37 0 0
  20 0.39 0 0
  21 0.41 0 0
  22 0.43 0 0
  23 0.45 0 0
  24 0.47 0 0
  25 0.49 0 0
  26 0.51 0 0
  27 0.53 0 0
  28 0.55 0 0
  29 0.57 0 0
  30 0.59 0 0
  31 0.61 0 0
  32 0.63 0 0
  33 0.65 0 0
  34 0.67 0 0
  35 0.69 0 0
  36 0.71 0 0
  37 0.73 0 0
  38 0.75 0 0
  39 0.77 0 0
  40 0.79 0 0
  41 0.81 0 0
  42 0.83 0 0
  43 0.85 0 0
  44 0.87 0 0
  45 0.89 0 0
  46 0.91 0 0
  47 0.93 0 0
  48 0.95 0 0
  49 0.97 0 0
  50 0.99 0 0
  51 1.01 0 0
  52 1.03 0.0004 2.22222e-05
  53 1.05 0.0026 0.000144444
  54 1.07 0.0038 0.000211111
  55 1.09 0.0058 0.000322222
  56 1.11 0.0043 0.000238889
  57 1.13 0.0097 0.000538889
  58 1.15 0.0125 0.000694444
  59 1.17 0.0114 0.000633333
  60 1.19 0.0114 0.000633333
  61 1.21 0.0119 0.000661111
  62 1.23 0.0132 0.000733333
  63 1.25 0.0141 0.000783333
  64 1.27 0.0176 0.000977778
  65 1.29 0.016 0.000888889
  66 1.31 0.0104 0.000577778
  67 1.33 0.0113 0.000627778
  68 1.35 0.013 0.000722222
  69 1.37 0.0188 0.00104444
  70 1.39 0.0076 0.000422222
  71 1.41 0.0078 0.000433333
  72 1.43 0.0079 0.000438889
  73 1.45 0.0083 0.000461111
  74 1.47 0.0094 0.000522222
  75 1.49 0.0104 0.000577778
  76 1.51 0.0126 0.0007
  77 1.53 0.0176 0.000977778
  78 1.55 0.0115 0.000638889
  79 1.57 0.007 0.000388889
  80 1.59 0.0066 0.000366667
  81 1.61 0.0073 0.000405556
  82 1.63 0.0082 0.000455556
  83 1.65 0.0101 0.000561111
  84 1.67 0.0134 0.000744444
  85 1.69 0.0031 0.000172222
  86 1.71 0.0032 0.000177778
  87 1.73 0.003 0.000166667
  88 1.75 0.0031 0.000172222
  89 1.77 0.0031 0.000172222
  90 1.79 0.0035 0.000194444
  91 1.81 0.003 0.000166667
  92 1.83 0.0032 0.000177778
  93 1.85 0.0031 0.000172222
  94 1.87 0.0032 0.000177778
  95 1.89 0.0033 0.000183333
  96 1.91 0.0032 0.000177778
  97 1.93 0.0032 0.000177778
  98 1.95 0.0031 0.000172222
  99 1.97 0.0035 0.000194444
  100 1.99 0.0032 0.000177778
  101 2.01 0.0032 0.000177778
  102 2.03 0.0032 0.000177778
  103 2.05 0.0035 0.000194444
  104 2.07 0.0036 0.0002
  105 2.09 0.0032 0.000177778
  106 2.11 0.0031 0.000172222
  107 2.13 0.0033 0.000183333
  108 2.15 0.0035 0.000194444
  109 2.17 0.0034 0.000188889
  110 2.19 0.0032 0.000177778
  111 2.21 0.0036 0.0002
  112 2.23 0.0035 0.000194444
  113 2.25 0.0034 0.000188889
  114 2.27 0.0035 0.000194444
  115 2.29 0.0037 0.000205556
  116 2.31 0.0032 0.000177778
  117 2.33 0.0036 0.0002
  118 2.35 0.0037 0.000205556
  119 2.37 0.0035 0.000194444
  120 2.39 0.0035 0.000194444
  121 2.41 0.0035 0.000194444
  122 2.43 0.0039 0.000216667
  123 2.45 0.0035 0.000194444
  124 2.47 0.0035 0.000194444
  125 2.49 0.0038 0.000211111
  126 2.51 0.0036 0.0002
  127 2.53 0.0037 0.000205556
  128 2.55 0.0037 0.000205556
  129 2.57 0.0038 0.000211111
  130 2.59 0.0037 0.000205556
  131 2.61 0.0039 0.000216667
  132 2.63 0.0036 0.0002
  133 2.65 0.0039 0.000216667
  134 2.67 0.0037 0.000205556
  135 2.69 0.0041 0.000227778
  136 2.71 0.0036 0.0002
  137 2.73 0.004 0.000222222
  138 2.75 0.0039 0.000216667
  139 2.77 0.004 0.000222222
  140 2.79 0.0039 0.000216667
  141 2.81 0.0038 0.000211111
  142 2.83 0.0042 0.000233333
  143 2.85 0.004 0.000222222
  144 2.87 0.0042 0.000233333
  145 2.89 0.004 0.000222222
  146 2.91 0.004 0.000222222
  147 2.93 0.0043 0.000238889
  148 2.95 0.004 0.000222222
  149 2.97 0.0043 0.000238889
  150 2.99 0.0041 0.000227778
  151 3.01 0.0045 0.00025
  152 3.03 0.0045 0.00025
  153 3.05 0.0042 0.000233333
  154 3.07 0.0045 0.00025
  155 3.09 0.0044 0.000244444
  156 3.11 0.0047 0.000261111
  157 3.13 0.0046 0.000255556
  158 3.15 0.0045 0.00025
  159 3.17 0.0048 0.000266667
  160 3.19 0.0048 0.000266667
  161 3.21 0.005 0.000277778
  162 3.23 0.0048 0.000266667
  163 3.25 0.0052 0.000288889
  164 3.27 0.0049 0.000272222
  165 3.29 0.0051 0.000283333
  166 3.31 0.0053 0.000294444
  167 3.33 0.0052 0.000288889
  168 3.35 0.0053 0.000294444
  169 3.37 0.0056 0.000311111
  170 3.39 0.0055 0.000305556
  171 3.41 0.0057 0.000316667
  172 3.43 0.0057 0.000316667
  173 3.45 0.0059 0.000327778
  174 3.47 0.0061 0.000338889
  175 3.49 0.0061 0.000338889
  176 3.51 0.0062 0.000344444
  177 3.53 0.0062 0.000344444
  178 3.55 0.0064 0.000355556
  179 3.57 0.0064 0.000355556
  180 3.59 0.007 0.000388889
  181 3.61 0.0076 0.000422222
  182 3.63 0.0097 0.000538889
  183 3.65 0.017 0.000944444
  184 3.67 0.0068 0.000377778
  185 3.69 0.0027 0.00015
  186 3.71 0.0029 0.000161111
  187 3.73 0.0026 0.000144444
  188 3.75 0.0027 0.00015
  189 3.77 0.0028 0.000155556
  190 3.79 0.0027 0.00015
  191 3.81 0.0028 0.000155556
  192 3.83 0.0026 0.000144444
  193 3.85 0.0028 0.000155556
  194 3.87 0.0029 0.000161111
  195 3.89 0.0028 0.000155556
  196 3.91 0.0035 0.000194444
  197 3.93 0.0034 0.000188889
  198 3.95 0.003 0.000166667
  199 3.97 0.0037 0.000205556
  200 3.99 0.0033 0.000183333
  201 4.01 0.0034 0.000188889
  202 4.03 0.0034 0.000188889
  203 4.05 0.0033 0.000183333
  204 4.07 0.0035 0.000194444
  205 4.09 0.0034 0.000188889
  206 4.11 0.0034 0.000188889
  207 4.13 0.0035 0.000194444
  208 4.15 0.0033 0.000183333
  209 4.17 0.0035 0.000194444
  210 4.19 0.0034 0.000188889
  211 4.21 0.0037 0.000205556
  212 4.23 0.0035 0.000194444
  213 4.25 0.0034 0.000188889
  214 4.27 0.0036 0.0002
  215 4.29 0.0035 0.000194444
  216 4.31 0.0034 0.000188889
  217 4.33 0.0035 0.000194444
  218 4.35 0.0034 0.000188889
  219 4.37 0.0037 0.000205556
  220 4.39 0.0034 0.000188889
  221 4.41 0.0038 0.000211111
  222 4.43 0.0034 0.000188889
  223 4.45 0.0035 0.000194444
  224 4.47 0.0034 0.000188889
  225 4.49 0.0038 0.000211111
  226 4.51 0.0035 0.000194444
  227 4.53 0.0036 0.0002
  228 4.55 0.0036 0.0002
  229 4.57 0.0035 0.000194444
  230 4.59 0.004 0.000222222
  231 4.61 0.0034 0.000188889
  232 4.63 0.0036 0.0002
  233 4.65 0.0037 0.000205556
  234 4.67 0.0037 0.000205556
  235 4.69 0.0037 0.000205556
  236 4.71 0.0035 0.000194444
  237 4.73 0.0038 0.000211111
  238 4.75 0.0037 0.000205556
  239 4.77 0.0036 0.0002
  240 4.79 0.0037 0.000205556
  241 4.81 0.0037 0.000205556
  242 4.83 0.0038 0.000211111
  243 4.85 0.0038 0.000211111
  244 4.87 0.0036 0.0002
  245 4.89 0.0036 0.0002
  246 4.91 0.0039 0.000216667
  247 4.93 0.0039 0.000216667
  248 4.95 0.0038 0.000211111
  249 4.97 0.0037 0.000205556
  250 4.99 0.0039 0.000216667
  251 5.01 0.0036 0.0002
  252 5.03 0.0038 0.000211111
  253 5.05 0.0042 0.000233333
  254 5.07 0.0037 0.000205556
  255 5.09 0.0039 0.000216667
  256 5.11 0.0038 0.000211111
  257 5.13 0.0039 0.000216667
  258 5.15 0.0039 0.000216667
  259 5.17 0.004 0.000222222
  260 5.19 0.0041 0.000227778
  261 5.21 0.0037 0.000205556
  262 5.23 0.004 0.000222222
  263 5.25 0.0045 0.00025
  264 5.27 0.0045 0.00025
  265 5.29 0.0045 0.00025
  266 5.31 0.0049 0.000272222
  267 5.33 0.0045 0.00025
  268 5.35 0.0047 0.000261111
  269 5.37 0.005 0.000277778
  270 5.39 0.0047 0.000261111
  271 5.41 0.0047 0.000261111
  272 5.43 0.0049 0.000272222
  273 5.45 0.0049 0.000272222
  274 5.47 0.0047 0.000261111
  275 5.49 0.0048 0.000266667
  276 5.51 0.0051 0.000283333
  277 5.53 0.0047 0.000261111
  278 5.55 0.0048 0.000266667
  279 5.57 0.005 0.000277778
  280 5.59 0.005 0.000277778
  281 5.61 0.0048 0.000266667
  282 5.63 0.005 0.000277778
  283 5.65 0.0046 0.000255556
  284 5.67 0.0053 0.000294444
  285 5.69 0.0049 0.000272222
  286 5.71 0.005 0.000277778
  287 5.73 0.0052 0.000288889
  288 5.75 0.0047 0.000261111
  289 5.77 0.005 0.000277778
  290 5.79 0.0052 0.000288889
  291 5.81 0.0051 0.000283333
  292 5.83 0.0051 0.000283333
  293 5.85 0.0051 0.000283333
  294 5.87 0.0054 0.0003
  295 5.89 0.0055 0.000305556
  296 5.91 0.0053 0.000294444
  297 5.93 0.0056 0.000311111
  298 5.95 0.0059 0.000327778
  299 5.97 0.0056 0.000311111
  300 5.99 0.0063 0.00035
  301 6.01 0.0065 0.000361111
  302 6.03 0.0066 0.000366667
  303 6.05 0.0072 0.0004
  304 6.07 0.0066 0.000366667
  305 6.09 0.0067 0.000372222
  306 6.11 0.0065 0.000361111
  307 6.13 0.0062 0.000344444
  308 6.15 0.0064 0.000355556
  309 6.17 0.0061 0.000338889
  310 6.19 0.0061 0.000338889
  311 6.21 0.0062 0.000344444
  312 6.23 0.0061 0.000338889
  313 6.25 0.0061 0.000338889
  314 6.27 0.0059 0.000327778
  315 6.29 0.0059 0.000327778
  316 6.31 0.006 0.000333333
  317 6.33 0.0062 0.000344444
  318 6.35 0.0059 0.000327778
  319 6.37 0.0058 0.000322222
  320 6.39 0.0065 0.000361111
  321 6.41 0.0059 0.000327778
  322 6.43 0.0067 0.000372222
  323 6.45 0.0063 0.00035
  324 6.47 0.0064 0.000355556
  325 6.49 0.0068 0.000377778
  326 6.51 0.0072 0.0004
  327 6.53 0.0072 0.0004
  328 6.55 0.0076 0.000422222
  329 6.57 0.0074 0.000411111
  330 6.59 0.0076 0.000422222
  331 6.61 0.0075 0.000416667
  332 6.63 0.0071 0.000394444
  333 6.65 0.007 0.000388889
  334 6.67 0.0075 0.000416667
  335 6.69 0.0068 0.000377778
  336 6.71 0.0071 0.000394444
  337 6.73 0.0076 0.000422222
  338 6.75 0.008 0.000444444
  339 6.77 0.0076 0.000422222
  340 6.79 0.0078 0.000433333
  341 6.81 0.0079 0.000438889
  342 6.83 0.008 0.000444444
  343 6.85 0.0083 0.000461111
  344 6.87 0.0083 0.000461111
  345 6.89 0.0085 0.000472222
  346 6.91 0.0089 0.000494444
  347 6.93 0.0087 0.000483333
  348 6.95 0.0091 0.000505556
  349 6.97 0.0091 0.000505556
  350 6.99 0.0089 0.000494444
  351 7.01 0.0089 0.000494444
  352 7.03 0.0087 0.000483333
  353 7.05 0.0086 0.000477778
  354 7.07 0.0089 0.000494444
  355 7.09 0.0087 0.000483333
  356 7.11 0.0089 0.000494444
  357 7.13 0.0089 0.000494444
  358 7.15 0.0089 0.000494444
  359 7.17 0.0094 0.000522222
  360 7.19 0.009 0.0005
  361 7.21 0.0095 0.000527778
  362 7.23 0.0098 0.000544444
  363 7.25 0.0099 0.00055
  364 7.27 0.0101 0.000561111
  365 7.29 0.0103 0.000572222
  366 7.31 0.0109 0.000605556
  367 7.33 0.011 0.000611111
  368 7.35 0.0124 0.000688889
  369 7.37 0.0156 0.000866667
  370 7.39 0.0059 0.000327778
  371 7.41 0.0059 0.000327778
  372 7.43 0.006 0.000333333
  373 7.45 0.0059 0.000327778
  374 7.47 0.0063 0.00035
  375 7.49 0.006 0.000333333
  376 7.51 0.0065 0.000361111
  377 7.53 0.0063 0.00035
  378 7.55 0.0068 0.000377778
  379 7.57 0.0066 0.000366667
  380 7.59 0.0069 0.000383333
  381 7.61 0.007 0.000388889
  382 7.63 0.0071 0.000394444
  383 7.65 0.007 0.000388889
  384 7.67 0.0071 0.000394444
  385 7.69 0.0072 0.0004
  386 7.71 0.0068 0.000377778
  387 7.73 0.007 0.000388889
  388 7.75 0.0065 0.000361111
  389 7.77 0.0071 0.000394444
  390 7.79 0.0068 0.000377778
  391 7.81 0.0071 0.000394444
  392 7.83 0.0066 0.000366667
  393 7.85 0.007 0.000388889
  394 7.87 0.0071 0.000394444
  395 7.89 0.0072 0.0004
  396 7.91 0.0073 0.000405556
  397 7.93 0.0077 0.000427778
  398 7.95 0.0287 0.00159444
  399 7.97 0.0108 0.0006
  400 7.99 0.0097 0.000538889
  401 8.01 0.0088 0.000488889
  402 8.03 0.009 0.0005
  403 8.05 0.0101 0.000561111
  404 8.07 0.0098 0.000544444
  405 8.09 0.0051 0.000283333
  406 8.11 0.0048 0.000266667
  407 8.13 0.0051 0.000283333
  408 8.15 0.0053 0.000294444
  409 8.17 0.005 0.000277778
  410 8.19 0.0054 0.0003
  411 8.21 0.0053 0.000294444
  412 8.23 0.0052 0.000288889
  413 8.25 0.0054 0.0003
  414 8.27 0.0055 0.000305556
  415 8.29 0.0059 0.000327778
  416 8.31 0.0056 0.000311111
  417 8.33 0.006 0.000333333
  418 8.35 0.0058 0.000322222
  419 8.37 0.0063 0.00035
  420 8.39 0.0066 0.000366667
  421 8.41 0.0065 0.000361111
  422 8.43 0.0066 0.000366667
  423 8.45 0.007 0.000388889
  424 8.47 0.0071 0.000394444
  425 8.49 0.0078 0.000433333
  426 8.51 0.0089 0.000494444
  427 8.53 0.0115 0.000638889
  428 8.55 0.0119 0.000661111
  429 8.57 0.0092 0.000511111
  430 8.59 0.0092 0.000511111
  431 8.61 0.0096 0.000533333
  432 8.63 0.0099 0.00055
  433 8.65 0.0092 0.000511111
  434 8.67 0.0097 0.000538889
  435 8.69 0.0112 0.000622222
  436 8.71 0.0057 0.000316667
  437 8.73 0.0059 0.000327778
  438 8.75 0.007 0.000388889
  439 8.77 0.007 0.000388889
  440 8.79 0.0074 0.000411111
  441 8.81 0.0073 0.000405556
  442 8.83 0.0067 0.000372222
  443 8.85 0.0063 0.00035
  444 8.87 0.0066 0.000366667
  445 8.89 0.0071 0.000394444
  446 8.91 0.0073 0.000405556
  447 8.93 0.0086 0.000477778
  448 8.95 0.0109 0.000605556
  449 8.97 0.0037 0.000205556
  450 8.99 0.0036 0.0002
  451 9.01 0.0036 0.0002
  452 9.03 0.0036 0.0002
  453 9.05 0.0034 0.000188889
  454 9.07 0.0035 0.000194444
  455 9.09 0.0034 0.000188889
  456 9.11 0.0033 0.000183333
  457 9.13 0.0035 0.000194444
  458 9.15 0.0033 0.000183333
  459 9.17 0.0033 0.000183333
  460 9.19 0.0031 0.000172222
  461 9.21 0.0031 0.000172222
  462 9.23 0.0029 0.000161111
  463 9.25 0.003 0.000166667
  464 9.27 0.0027 0.00015
  465 9.29 0.0029 0.000161111
  466 9.31 0.0026 0.000144444
  467 9.33 0.0028 0.000155556
  468 9.35 0.0028 0.000155556
  469 9.37 0.0026 0.000144444
  470 9.39 0.0028 0.000155556
  471 9.41 0.0027 0.00015
  472 9.43 0.0157 0.000872222
  473 9.45 0.0095 0.000527778
  474 9.47 0.008 0.000444444
  475 9.49 0.008 0.000444444
  476 9.51 0.0088 0.000488889
  477 9.53 0.0097 0.000538889
  478 9.55 0.0106 0.000588889
  479 9.57 0.0082 0.000455556
  480 9.59 0.0069 0.000383333
  481 9.61 0.007 0.000388889
  482 9.63 0.0072 0.0004
  483 9.65 0.0073 0.000405556
  484 9.67 0.0078 0.000433333
  485 9.69 0.0098 0.000544444
  486 9.71 0.0114 0.000633333
  487 9.73 0.0148 0.000822222
  488 9.75 0.0187 0.00103889
  489 9.77 0.005 0.000277778
  490 9.79 0.0051 0.000283333
  491 9.81 0.0056 0.000311111
  492 9.83 0.0068 0.000377778
  493 9.85 0.0077 0.000427778
  494 9.87 0.0086 0.000477778
  495 9.89 0.0075 0.000416667
  496 9.91 0.0059 0.000327778
  497 9.93 0.0051 0.000283333
  498 9.95 0.0047 0.000261111
  499 9.97 0.0044 0.000244444
  500 9.99 0.0039 0.000216667
  501 10.01 0.0041 0.000227778
  502 10.03 0.0036 0.0002
  503 10.05 0.0035 0.000194444
  504 10.07 0.0036 0.0002
  505 10.09 0.0188 0.00104444
  506 10.11 0.0117 0.00065
  507 10.13 0.0108 0.0006
  508 10.15 0.0126 0.0007
  509 10.17 0.0271 0.00150556
  510 10.19 0.0088 0.000488889
  511 10.21 0.0161 0.000894444
  512 10.23 0.0126 0.0007
  513 10.25 0.0113 0.000627778
  514 10.27 0.0107 0.000594444
  515 10.29 0.0113 0.000627778
  516 10.31 0.0128 0.000711111
  517 10.33 0.0114 0.000633333
  518 10.35 0.01 0.000555556
  519 10.37 0.01 0.000555556
  520 10.39 0.0119 0.000661111
  521 10.41 0.0278 0.00154444
  522 10.43 0.0102 0.000566667
  523 10.45 0.0092 0.000511111
  524 10.47 0.009 0.0005
  525 10.49 0.0087 0.000483333
  526 10.51 0.0087 0.000483333
  527 10.53 0.0086 0.000477778
  528 10.55 0.0088 0.000488889
  529 10.57 0.0194 0.00107778
  530 10.59 0.0145 0.000805556
  531 10.61 0.015 0.000833333
  532 10.63 0.0255 0.00141667
  533 10.65 0.016 0.000888889
  534 10.67 0.0138 0.000766667
  535 10.69 0.0126 0.0007
  536 10.71 0.0122 0.000677778
  537 10.73 0.0269 0.00149444
  538 10.75 0.0281 0.00156111
  539 10.77 0.0282 0.00156667
  540 10.79 0.0187 0.00103889
  541 10.81 0.0146 0.000811111
  542 10.83 0.0201 0.00111667
  543 10.85 0.0254 0.00141111
  544 10.87 0.0164 0.000911111
  545 10.89 0.0188 0.00104444
  546 10.91 0.0095 0.000527778
  547 10.93 0.0094 0.000522222
  548 10.95 0.0074 0.000411111
  549 10.97 0.0069 0.000383333
  550 10.99 0.0064 0.000355556
  551 11.01 0.0064 0.000355556
  552 11.03 0.0062 0.000344444
  553 11.05 0.0059 0.000327778
  554 11.07 0.0058 0.000322222
  555 11.09 0.006 0.000333333
  556 11.11 0.0058 0.000322222
  557 11.13 0.0057 0.000316667
  558 11.15 0.0059 0.000327778
  559 11.17 0.0057 0.000316667
  560 11.19 0.0057 0.000316667
  561 11.21 0.0056 0.000311111
  562 11.23 0.0057 0.000316667
  563 11.25 0.0126 0.0007
  564 11.27 0.0193 0.00107222
  565 11.29 0.0132 0.000733333
  566 11.31 0.0199 0.00110556
  567 11.33 0.0167 0.000927778
  568 11.35 0.0158 0.000877778
  569 11.37 0.0169 0.000938889
  570 11.39 0.0214 0.00118889
  571 11.41 0.0181 0.00100556
  572 11.43 0.0132 0.000733333
  573 11.45 0.0076 0.000422222
  574 11.47 0.0075 0.000416667
  575 11.49 0.0155 0.000861111
  576 11.51 0.0169 0.000938889
  577 11.53 0.0162 0.0009
  578 11.55 0.0192 0.00106667
  579 11.57 0.0127 0.000705556
  580 11.59 0.0088 0.000488889
  581 11.61 0.0081 0.00045
  582 11.63 0.0079 0.000438889
  583 11.65 0.0079 0.000438889
  584 11.67 0.0094 0.000522222
  585 11.69 0.0103 0.000572222
  586 11.71 0.01 0.000555556
  587 11.73 0.0102 0.000566667
  588 11.75 0.0105 0.000583333
  589 11.77 0.0295 0.00163889
  590 11.79 0.0093 0.000516667
  591 11.81 0.0153 0.00085
  592 11.83 0.0234 0.0013
  593 11.85 0.0281 0.00156111
  594 11.87 0.0198 0.0011
  595 11.89 0.0136 0.000755556
  596 11.91 0.0127 0.000705556
  597 11.93 0.0133 0.000738889
  598 11.95 0.0241 0.00133889
  599 11.97 0.0215 0.00119444
  600 11.99 0.0207 0.00115
  601 12.01 0.0216 0.0012
  602 12.03 0.0278 0.00154444
  603 12.05 0.0234 0.0013
  604 12.07 0.0192 0.00106667
  605 12.09 0.0184 0.00102222
  606 12.11 0.0181 0.00100556
  607 12.13 0.017 0.000944444
  608 12.15 0.0168 0.000933333
  609 12.17 0.0201 0.00111667
  610 12.19 0.0207 0.00115
  611 12.21 0.0164 0.000911111
  612 12.23 0.019 0.00105556
  613 12.25 0.0324 0.0018
  614 12.27 0.0223 0.00123889
  615 12.29 0.0201 0.00111667
  616 12.31 0.0192 0.00106667
  617 12.33 0.0176 0.000977778
  618 12.35 0.0168 0.000933333
  619 12.37 0.0162 0.0009
  620 12.39 0.0174 0.000966667
  621 12.41 0.0186 0.00103333
  622 12.43 0.0233 0.00129444
  623 12.45 0.0249 0.00138333
  624 12.47 0.0151 0.000838889
  625 12.49 0.0187 0.00103889
  626 12.51 0.0222 0.00123333
  627 12.53 0.0142 0.000788889
  628 12.55 0.0137 0.000761111
  629 12.57 0.0133 0.000738889
  630 12.59 0.0167 0.000927778
  631 12.61 0.0166 0.000922222
  632 12.63 0.0145 0.000805556
  633 12.65 0.0141 0.000783333
  634 12.67 0.0148 0.000822222
  635 12.69 0.0178 0.000988889
  636 12.71 0.0112 0.000622222
  637 12.73 0.0109 0.000605556
  638 12.75 0.0113 0.000627778
  639 12.77 0.0131 0.000727778
  640 12.79 0.0141 0.000783333
  641 12.81 0.0142 0.000788889
  642 12.83 0.0126 0.0007
  643 12.85 0.0139 0.000772222
  644 12.87 0.0173 0.000961111
  645 12.89 0.0199 0.00110556
  646 12.91 0.0216 0.0012
  647 12.93 0.0171 0.00095
  648 12.95 0.0176 0.000977778
  649 12.97 0.0168 0.000933333
  650 12.99 0.0135 0.00075
  651 13.01 0.0214 0.00118889
  652 13.03 0.0233 0.00129444
  653 13.05 0.0138 0.000766667
  654 13.07 0.0126 0.0007
  655 13.09 0.0126 0.0007
  656 13.11 0.0261 0.00145
  657 13.13 0.0292 0.00162222
  658 13.15 0.0234 0.0013
  659 13.17 0.0207 0.00115
  660 13.19 0.027 0.0015
  661 13.21 0.0194 0.00107778
  662 13.23 0.0198 0.0011
  663 13.25 0.0213 0.00118333
  664 13.27 0.0279 0.00155
  665 13.29 0.0309 0.00171667
  666 13.31 0.0216 0.0012
  667 13.33 0.0195 0.00108333
  668 13.35 0.0191 0.00106111
  669 13.37 0.0189 0.00105
  670 13.39 0.0188 0.00104444
  671 13.41 0.0295 0.00163889
  672 13.43 0.0284 0.00157778
  673 13.45 0.0263 0.00146111
  674 13.47 0.0148 0.000822222
  675 13.49 0.0139 0.000772222
  676 13.51 0.0138 0.000766667
  677 13.53 0.0146 0.000811111
  678 13.55 0.0157 0.000872222
  679 13.57 0.0196 0.00108889
  680 13.59 0.0363 0.00201667
  681 13.61 0.0235 0.00130556
  682 13.63 0.0135 0.00075
  683 13.65 0.0142 0.000788889
  684 13.67 0.0145 0.000805556
  685 13.69 0.0154 0.000855556
  686 13.71 0.0207 0.00115
  687 13.73 0.0141 0.000783333
  688 13.75 0.0117 0.00065
  689 13.77 0.0162 0.0009
  690 13.79 0.0143 0.000794444
  691 13.81 0.0137 0.000761111
  692 13.83 0.0136 0.000755556
  693 13.85 0.0132 0.000733333
  694 13.87 0.014 0.000777778
  695 13.89 0.0141 0.000783333
  696 13.91 0.016 0.000888889
  697 13.93 0.0283 0.00157222
  698 13.95 0.0248 0.00137778
  699 13.97 0.0213 0.00118333
  700 13.99 0.02 0.00111111
  701 14.01 0.0184 0.00102222
  702 14.03 0.0182 0.00101111
  703 14.05 0.0172 0.000955556
  704 14.07 0.0167 0.000927778
  705 14.09 0.0151 0.000838889
  706 14.11 0.0204 0.00113333
  707 14.13 0.0222 0.00123333
  708 14.15 0.0184 0.00102222
  709 14.17 0.018 0.001
  710 14.19 0.0174 0.000966667
  711 14.21 0.0168 0.000933333
  712 14.23 0.0166 0.000922222
  713 14.25 0.0161 0.000894444
  714 14.27 0.016 0.000888889
  715 14.29 0.0164 0.000911111
  716 14.31 0.0164 0.000911111
  717 14.33 0.036 0.002
  718 14.35 0.032 0.00177778
  719 14.37 0.0256 0.00142222
  720 14.39 0.0241 0.00133889
  721 14.41 0.0274 0.00152222
  722 14.43 0.0354 0.00196667
  723 14.45 0.053 0.00294444
  724 14.47 0.0197 0.00109444
  725 14.49 0.0209 0.00116111
  726 14.51 0.02 0.00111111
  727 14.53 0.0207 0.00115
  728 14.55 0.0239 0.00132778
  729 14.57 0.0282 0.00156667
  730 14.59 0.0291 0.00161667
  731 14.61 0.0211 0.00117222
  732 14.63 0.021 0.00116667
  733 14.65 0.0218 0.00121111
  734 14.67 0.0239 0.00132778
  735 14.69 0.0252 0.0014
  736 14.71 0.0161 0.000894444
  737 14.73 0.0169 0.000938889
  738 14.75 0.0175 0.000972222
  739 14.77 0.0188 0.00104444
  740 14.79 0.0292 0.00162222
  741 14.81 0.0282 0.00156667
  742 14.83 0.0259 0.00143889
  743 14.85 0.025 0.00138889
  744 14.87 0.0241 0.00133889
  745 14.89 0.0225 0.00125
  746 14.91 0.0222 0.00123333
  747 14.93 0.0234 0.0013
  748 14.95 0.0243 0.00135
  749 14.97 0.0165 0.000916667
  750 14.99 0.0202 0.00112222
  751 15.01 0.0143 0.000794444
  752 15.03 0.0147 0.000816667
  753 15.05 0.018 0.001
  754 15.07 0.0133 0.000738889
  755 15.09 0.0152 0.000844444
  756 15.11 0.0144 0.0008
  757 15.13 0.0159 0.000883333
  758 15.15 0.013 0.000722222
  759 15.17 0.0106 0.000588889
  760 15.19 0.0102 0.000566667
  761 15.21 0.0104 0.000577778
  762 15.23 0.0103 0.000572222
  763 15.25 0.0099 0.00055
  764 15.27 0.0155 0.000861111
  765 15.29 0.0174 0.000966667
  766 15.31 0.0138 0.000766667
  767 15.33 0.0131 0.000727778
  768 15.35 0.0134 0.000744444
  769 15.37 0.0134 0.000744444
  770 15.39 0.0139 0.000772222
  771 15.41 0.0142 0.000788889
  772 15.43 0.0137 0.000761111
  773 15.45 0.0198 0.0011
  774 15.47 0.0244 0.00135556
  775 15.49 0.0179 0.000994444
  776 15.51 0.0119 0.000661111
  777 15.53 0.0125 0.000694444
  778 15.55 0.0174 0.000966667
  779 15.57 0.0185 0.00102778
  780 15.59 0.017 0.000944444
  781 15.61 0.0189 0.00105
  782 15.63 0.0183 0.00101667
  783 15.65 0.0198 0.0011
  784 15.67 0.0118 0.000655556
  785 15.69 0.0138 0.000766667
  786 15.71 0.0128 0.000711111
  787 15.73 0.0188 0.00104444
  788 15.75 0.0261 0.00145
  789 15.77 0.022 0.00122222
  790 15.79 0.0181 0.00100556
  791 15.81 0.0168 0.000933333
  792 15.83 0.0158 0.000877778
  793 15.85 0.0155 0.000861111
  794 15.87 0.015 0.000833333
  795 15.89 0.0145 0.000805556
  796 15.91 0.0139 0.000772222
  797 15.93 0.0137 0.000761111
  798 15.95 0.0135 0.00075
  799 15.97 0.0135 0.00075
  800 15.99 0.0192 0.00106667
  801 16.01 0.0232 0.00128889
  802 16.03 0.0274 0.00152222
  803 16.05 0.0278 0.00154444
  804 16.07 0.0173 0.000961111
  805 16.09 0.0173 0.000961111
  806 16.11 0.016 0.000888889
  807 16.13 0.0165 0.000916667
  808 16.15 0.0163 0.000905556
  809 16.17 0.0212 0.00117778
  810 16.19 0.0212 0.00117778
  811 16.21 0.0284 0.00157778
  812 16.23 0.0295 0.00163889
  813 16.25 0.0265 0.00147222
  814 16.27 0.0278 0.00154444
  815 16.29 0.0262 0.00145556
  816 16.31 0.0151 0.000838889
  817 16.33 0.0151 0.000838889
  818 16.35 0.0148 0.000822222
  819 16.37 0.0148 0.000822222
  820 16.39 0.0143 0.000794444
  821 16.41 0.017 0.000944444
  822 16.43 0.0355 0.00197222
  823 16.45 0.0298 0.00165556
  824 16.47 0.0236 0.00131111
  825 16.49 0.022 0.00122222
  826 16.51 0.0223 0.00123889
  827 16.53 0.0224 0.00124444
  828 16.55 0.0218 0.00121111
  829 16.57 0.0179 0.000994444
  830 16.59 0.0179 0.000994444
  831 16.61 0.0176 0.000977778
  832 16.63 0.0173 0.000961111
  833 16.65 0.022 0.00122222
  834 16.67 0.0201 0.00111667
  835 16.69 0.0195 0.00108333
  836 16.71 0.0201 0.00111667
  837 16.73 0.0214 0.00118889
  838 16.75 0.0265 0.00147222
  839 16.77 0.0365 0.00202778
  840 16.79 0.021 0.00116667
  841 16.81 0.0166 0.000922222
  842 16.83 0.018 0.001
  843 16.85 0.0194 0.00107778
  844 16.87 0.0211 0.00117222
  845 16.89 0.0255 0.00141667
  846 16.91 0.0236 0.00131111
  847 16.93 0.0383 0.00212778
  848 16.95 0.0442 0.00245556
  849 16.97 0.0174 0.000966667
  850 16.99 0.0164 0.000911111
  851 17.01 0.0156 0.000866667
  852 17.03 0.0149 0.000827778
  853 17.05 0.014 0.000777778
  854 17.07 0.0142 0.000788889
  855 17.09 0.0141 0.000783333
  856 17.11 0.0141 0.000783333
  857 17.13 0.0149 0.000827778
  858 17.15 0.0166 0.000922222
  859 17.17 0.0182 0.00101111
  860 17.19 0.0219 0.00121667
  861 17.21 0.0135 0.00075
  862 17.23 0.0145 0.000805556
  863 17.25 0.0122 0.000677778
  864 17.27 0.021 0.00116667
  865 17.29 0.0153 0.00085
  866 17.31 0.0143 0.000794444
  867 17.33 0.0141 0.000783333
  868 17.35 0.0193 0.00107222
  869 17.37 0.0174 0.000966667
  870 17.39 0.0168 0.000933333
  871 17.41 0.0182 0.00101111
  872 17.43 0.0275 0.00152778
  873 17.45 0.0173 0.000961111
  874 17.47 0.0171 0.00095
  875 17.49 0.017 0.000944444
  876 17.51 0.0181 0.00100556
  877 17.53 0.0371 0.00206111
  878 17.55 0.0296 0.00164444
  879 17.57 0.0246 0.00136667
  880 17.59 0.0264 0.00146667
  881 17.61 0.0223 0.00123889
  882 17.63 0.0211 0.00117222
  883 17.65 0.0148 0.000822222
  884 17.67 0.0123 0.000683333
  885 17.69 0.0171 0.00095
  886 17.71 0.0158 0.000877778
  887 17.73 0.0139 0.000772222
  888 17.75 0.0148 0.000822222
  889 17.77 0.017 0.000944444
  890 17.79 0.0198 0.0011
  891 17.81 0.0353 0.00196111
  892 17.83 0.0221 0.00122778
  893 17.85 0.0229 0.00127222
  894 17.87 0.0169 0.000938889
  895 17.89 0.0163 0.000905556
  896 17.91 0.0159 0.000883333
  897 17.93 0.0153 0.00085
  898 17.95 0.0149 0.000827778
  899 17.97 0.0148 0.000822222
  900 17.99 0.0148 0.000822222
  901 18.01 0.0145 0.000805556
  902 18.03 0.0151 0.000838889
  903 18.05 0.0137 0.000761111
  904 18.07 0.0128 0.000711111
  905 18.09 0.0131 0.000727778
  906 18.11 0.013 0.000722222
  907 18.13 0.0141 0.000783333
  908 18.15 0.0147 0.000816667
  909 18.17 0.023 0.00127778
  910 18.19 0.0166 0.000922222
  911 18.21 0.0156 0.000866667
  912 18.23 0.0201 0.00111667
  913 18.25 0.0274 0.00152222
  914 18.27 0.0294 0.00163333
  915 18.29 0.0316 0.00175556
  916 18.31 0.0363 0.00201667
  917 18.33 0.0204 0.00113333
  918 18.35 0.0199 0.00110556
  919 18.37 0.0204 0.00113333
  920 18.39 0.0228 0.00126667
  921 18.41 0.0228 0.00126667
  922 18.43 0.022 0.00122222
  923 18.45 0.0237 0.00131667
  924 18.47 0.0358 0.00198889
  925 18.49 0.0374 0.00207778
  926 18.51 0.0306 0.0017
  927 18.53 0.02 0.00111111
  928 18.55 0.0201 0.00111667
  929 18.57 0.0213 0.00118333
  930 18.59 0.013 0.000722222
  931 18.61 0.0131 0.000727778
  932 18.63 0.0132 0.000733333
  933 18.65 0.013 0.000722222
  934 18.67 0.0133 0.000738889
  935 18.69 0.0245 0.00136111
  936 18.71 0.0217 0.00120556
  937 18.73 0.0199 0.00110556
  938 18.75 0.0243 0.00135
  939 18.77 0.0282 0.00156667
  940 18.79 0.0181 0.00100556
  941 18.81 0.0197 0.00109444
  942 18.83 0.0195 0.00108333
  943 18.85 0.0182 0.00101111
  944 18.87 0.0224 0.00124444
  945 18.89 0.0121 0.000672222
  946 18.91 0.0121 0.000672222
  947 18.93 0.0129 0.000716667
  948 18.95 0.0144 0.0008
  949 18.97 0.02 0.00111111
  950 18.99 0.0082 0.000455556
  951 19.01 0.0079 0.000438889
  952 19.03 0.0085 0.000472222
  953 19.05 0.0081 0.00045
  954 19.07 0.0081 0.00045
  955 19.09 0.0083 0.000461111
  956 19.11 0.0082 0.000455556
  957 19.13 0.0081 0.00045
  958 19.15 0.0084 0.000466667
  959 19.17 0.0084 0.000466667
  960 19.19 0.0083 0.000461111
  961 19.21 0.0087 0.000483333
  962 19.23 0.0092 0.000511111
  963 19.25 0.0085 0.000472222
  964 19.27 0.0092 0.000511111
  965 19.29 0.0093 0.000516667
  966 19.31 0.0102 0.000566667
  967 19.33 0.0113 0.000627778
  968 19.35 0.0122 0.000677778
  969 19.37 0.0122 0.000677778
  970 19.39 0.0098 0.000544444
  971 19.41 0.0092 0.000511111
  972 19.43 0.0089 0.000494444
  973 19.45 0.0089 0.000494444
  974 19.47 0.0087 0.000483333
  975 19.49 0.0085 0.000472222
  976 19.51 0.0088 0.000488889
  977 19.53 0.0122 0.000677778
  978 19.55 0.0118 0.000655556
  979 19.57 0.0125 0.000694444
  980 19.59 0.0156 0.000866667
  981 19.61 0.0233 0.00129444
  982 19.63 0.0216 0.0012
  983 19.65 0.0104 0.000577778
  984 19.67 0.0098 0.000544444
  985 19.69 0.0096 0.000533333
  986 19.71 0.0095 0.000527778
  987 19.73 0.0093 0.000516667
  988 19.75 0.0091 0.000505556
  989 19.77 0.0096 0.000533333
  990 19.79 0.0094 0.000522222
  991 19.81 0.0097 0.000538889
  992 19.83 0.0093 0.000516667
  993 19.85 0.0115 0.000638889
  994 19.87 0.0111 0.000616667
  995 19.89 0.0104 0.000577778
  996 19.91 0.0099 0.00055
  997 19.93 0.0097 0.000538889
  998 19.95 0.0097 0.000538889
  999 19.97 0.0092 0.000511111
  1000 19.99 0.0092 0.000511111
  1001 20.01 0.013 0.000722222
  1002 20.03 0.0132 0.000733333
  1003 20.05 0.0121 0.000672222
  1004 20.07 0.0115 0.000638889
  1005 20.09 0.0116 0.000644444
  1006 20.11 0.0115 0.000638889
  1007 20.13 0.0196 0.00108889
  1008 20.15 0.0158 0.000877778
  1009 20.17 0.0142 0.000788889
  1010 20.19 0.0139 0.000772222
  1011 20.21 0.0144 0.0008
  1012 20.23 0.014 0.000777778
  1013 20.25 0.0346 0.00192222
  1014 20.27 0.0606 0.00336667
  1015 20.29 0.0248 0.00137778
  1016 20.31 0.0285 0.00158333
  1017 20.33 0.0156 0.000866667
  1018 20.35 0.0159 0.000883333
  1019 20.37 0.0165 0.000916667
  1020 20.39 0.0163 0.000905556
  1021 20.41 0.0173 0.000961111
  1022 20.43 0.0179 0.000994444
  1023 20.45 0.0185 0.00102778
  1024 20.47 0.0297 0.00165
  1025 20.49 0.0129 0.000716667
  1026 20.51 0.0113 0.000627778
  1027 20.53 0.0122 0.000677778
  1028 20.55 0.0119 0.000661111
  1029 20.57 0.0123 0.000683333
  1030 20.59 0.012 0.000666667
  1031 20.61 0.0117 0.00065
  1032 20.63 0.011 0.000611111
  1033 20.65 0.0113 0.000627778
  1034 20.67 0.0151 0.000838889
  1035 20.69 0.014 0.000777778
  1036 20.71 0.0137 0.000761111
  1037 20.73 0.0136 0.000755556
  1038 20.75 0.013 0.000722222
  1039 20.77 0.0134 0.000744444
  1040 20.79 0.0188 0.00104444
  1041 20.81 0.0186 0.00103333
  1042 20.83 0.0147 0.000816667
  1043 20.85 0.0151 0.000838889
  1044 20.87 0.015 0.000833333
  1045 20.89 0.0161 0.000894444
  1046 20.91 0.0161 0.000894444
  1047 20.93 0.0247 0.00137222
  1048 20.95 0.0217 0.00120556
  1049 20.97 0.017 0.000944444
  1050 20.99 0.0172 0.000955556
  1051 21.01 0.0174 0.000966667
  1052 21.03 0.0172 0.000955556
  1053 21.05 0.0172 0.000955556
  1054 21.07 0.0161 0.000894444
  1055 21.09 0.016 0.000888889
  1056 21.11 0.0158 0.000877778
  1057 21.13 0.0178 0.000988889
  1058 21.15 0.0173 0.000961111
  1059 21.17 0.0161 0.000894444
  1060 21.19 0.0257 0.00142778
  1061 21.21 0.0188 0.00104444
  1062 21.23 0.0159 0.000883333
  1063 21.25 0.0137 0.000761111
  1064 21.27 0.0134 0.000744444
  1065 21.29 0.0132 0.000733333
  1066 21.31 0.0132 0.000733333
  1067 21.33 0.0138 0.000766667
  1068 21.35 0.0201 0.00111667
  1069 21.37 0.0118 0.000655556
  1070 21.39 0.0112 0.000622222
  1071 21.41 0.0109 0.000605556
  1072 21.43 0.0104 0.000577778
  1073 21.45 0.0108 0.0006
  1074 21.47 0.0104 0.000577778
  1075 21.49 0.0106 0.000588889
  1076 21.51 0.0105 0.000583333
  1077 21.53 0.0108 0.0006
  1078 21.55 0.0103 0.000572222
  1079 21.57 0.0102 0.000566667
  1080 21.59 0.0103 0.000572222
  1081 21.61 0.0105 0.000583333
  1082 21.63 0.0102 0.000566667
  1083 21.65 0.0105 0.000583333
  1084 21.67 0.0105 0.000583333
  1085 21.69 0.0102 0.000566667
  1086 21.71 0.0105 0.000583333
  1087 21.73 0.0104 0.000577778
  1088 21.75 0.016 0.000888889
  1089 21.77 0.0193 0.00107222
  1090 21.79 0.0138 0.000766667
  1091 21.81 0.0126 0.0007
  1092 21.83 0.0129 0.000716667
  1093 21.85 0.0122 0.000677778
  1094 21.87 0.0184 0.00102222
  1095 21.89 0.0162 0.0009
  1096 21.91 0.0305 0.00169444
  1097 21.93 0.029 0.00161111
  1098 21.95 0.0389 0.00216111
  1099 21.97 0.0186 0.00103333
  1100 21.99 0.0194 0.00107778
  1101 22.01 0.0257 0.00142778
  1102 22.03 0.0178 0.000988889
  1103 22.05 0.0116 0.000644444
  1104 22.07 0.0119 0.000661111
  1105 22.09 0.0119 0.000661111
  1106 22.11 0.0118 0.000655556
  1107 22.13 0.0377 0.00209444
  1108 22.15 0.0424 0.00235556
  1109 22.17 0.0174 0.000966667
  1110 22.19 0.0155 0.000861111
  1111 22.21 0.0142 0.000788889
  1112 22.23 0.0131 0.000727778
  1113 22.25 0.0132 0.000733333
  1114 22.27 0.0132 0.000733333
  1115 22.29 0.0123 0.000683333
  1116 22.31 0.0126 0.0007
  1117 22.33 0.0122 0.000677778
  1118 22.35 0.0126 0.0007
  1119 22.37 0.0123 0.000683333
  1120 22.39 0.0117 0.00065
  1121 22.41 0.0124 0.000688889
  1122 22.43 0.0157 0.000872222
  1123 22.45 0.0159 0.000883333
  1124 22.47 0.015 0.000833333
  1125 22.49 0.0136 0.000755556
  1126 22.51 0.0139 0.000772222
  1127 22.53 0.0133 0.000738889
  1128 22.55 0.0135 0.00075
  1129 22.57 0.0128 0.000711111
  1130 22.59 0.0133 0.000738889
  1131 22.61 0.0135 0.00075
  1132 22.63 0.0129 0.000716667
  1133 22.65 0.0131 0.000727778
  1134 22.67 0.0131 0.000727778
  1135 22.69 0.0131 0.000727778
  1136 22.71 0.0133 0.000738889
  1137 22.73 0.0134 0.000744444
  1138 22.75 0.0166 0.000922222
  1139 22.77 0.0169 0.000938889
  1140 22.79 0.0156 0.000866667
  1141 22.81 0.0158 0.000877778
  1142 22.83 0.0145 0.000805556
  1143 22.85 0.0151 0.000838889
  1144 22.87 0.0154 0.000855556
  1145 22.89 0.0153 0.00085
  1146 22.91 0.0163 0.000905556
  1147 22.93 0.0159 0.000883333
  1148 22.95 0.0157 0.000872222
  1149 22.97 0.0156 0.000866667
  1150 22.99 0.0157 0.000872222
  1151 23.01 0.0151 0.000838889
  1152 23.03 0.015 0.000833333
  1153 23.05 0.0153 0.00085
  1154 23.07 0.015 0.000833333
  1155 23.09 0.0149 0.000827778
  1156 23.11 0.0151 0.000838889
  1157 23.13 0.0143 0.000794444
  1158 23.15 0.0211 0.00117222
  1159 23.17 0.0228 0.00126667
  1160 23.19 0.0199 0.00110556
  1161 23.21 0.0189 0.00105
  1162 23.23 0.0182 0.00101111
  1163 23.25 0.017 0.000944444
  1164 23.27 0.0177 0.000983333
  1165 23.29 0.017 0.000944444
  1166 23.31 0.0171 0.00095
  1167 23.33 0.017 0.000944444
  1168 23.35 0.0167 0.000927778
  1169 23.37 0.0159 0.000883333
  1170 23.39 0.0159 0.000883333
  1171 23.41 0.0153 0.00085
  1172 23.43 0.0149 0.000827778
  1173 23.45 0.0151 0.000838889
  1174 23.47 0.0148 0.000822222
  1175 23.49 0.0146 0.000811111
  1176 23.51 0.0144 0.0008
  1177 23.53 0.0145 0.000805556
  1178 23.55 0.0203 0.00112778
  1179 23.57 0.018 0.001
  1180 23.59 0.0176 0.000977778
  1181 23.61 0.0167 0.000927778
  1182 23.63 0.0167 0.000927778
  1183 23.65 0.0156 0.000866667
  1184 23.67 0.0165 0.000916667
  1185 23.69 0.0162 0.0009
  1186 23.71 0.0165 0.000916667
  1187 23.73 0.0159 0.000883333
  1188 23.75 0.0163 0.000905556
  1189 23.77 0.0153 0.00085
  1190 23.79 0.0161 0.000894444
  1191 23.81 0.0162 0.0009
  1192 23.83 0.0155 0.000861111
  1193 23.85 0.0157 0.000872222
  1194 23.87 0.0153 0.00085
  1195 23.89 0.016 0.000888889
  1196 23.91 0.0169 0.000938889
  1197 23.93 0.0168 0.000933333
  1198 23.95 0.0172 0.000955556
  1199 23.97 0.0175 0.000972222
  1200 23.99 0.0192 0.00106667
  1201 24.01 0.018 0.001
  1202 24.03 0.0159 0.000883333
  1203 24.05 0.0267 0.00148333
  1204 24.07 0.024 0.00133333
  1205 24.09 0.0207 0.00115
  1206 24.11 0.0203 0.00112778
  1207 24.13 0.0199 0.00110556
  1208 24.15 0.0197 0.00109444
  1209 24.17 0.0195 0.00108333
  1210 24.19 0.019 0.00105556
  1211 24.21 0.0189 0.00105
  1212 24.23 0.0186 0.00103333
  1213 24.25 0.0185 0.00102778
  1214 24.27 0.0181 0.00100556
  1215 24.29 0.0182 0.00101111
  1216 24.31 0.0185 0.00102778
  1217 24.33 0.0179 0.000994444
  1218 24.35 0.0183 0.00101667
  1219 24.37 0.0183 0.00101667
  1220 24.39 0.018 0.001
  1221 24.41 0.0171 0.00095
  1222 24.43 0.0173 0.000961111
  1223 24.45 0.0172 0.000955556
  1224 24.47 0.0178 0.000988889
  1225 24.49 0.0172 0.000955556
  1226 24.51 0.018 0.001
  1227 24.53 0.0179 0.000994444
  1228 24.55 0.0185 0.00102778
  1229 24.57 0.0185 0.00102778
  1230 24.59 0.0184 0.00102222
  1231 24.61 0.0192 0.00106667
  1232 24.63 0.017 0.000944444
  1233 24.65 0.0171 0.00095
  1234 24.67 0.0165 0.000916667
  1235 24.69 0.0165 0.000916667
  1236 24.71 0.0164 0.000911111
  1237 24.73 0.0171 0.00095
  1238 24.75 0.017 0.000944444
  1239 24.77 0.0254 0.00141111
  1240 24.79 0.0335 0.00186111
  1241 24.81 0.0182 0.00101111
  1242 24.83 0.0157 0.000872222
  1243 24.85 0.0156 0.000866667
  1244 24.87 0.0152 0.000844444
  1245 24.89 0.0152 0.000844444
  1246 24.91 0.0157 0.000872222
  1247 24.93 0.0155 0.000861111
  1248 24.95 0.0154 0.000855556
  1249 24.97 0.0159 0.000883333
  1250 24.99 0.0156 0.000866667
  1251 25.01 0.0151 0.000838889
  1252 25.03 0.0153 0.00085
  1253 25.05 0.0152 0.000844444
  1254 25.07 0.015 0.000833333
  1255 25.09 0.0149 0.000827778
  1256 25.11 0.015 0.000833333
  1257 25.13 0.0153 0.00085
  1258 25.15 0.0148 0.000822222
  1259 25.17 0.0153 0.00085
  1260 25.19 0.015 0.000833333
  1261 25.21 0.0146 0.000811111
  1262 25.23 0.015 0.000833333
  1263 25.25 0.0152 0.000844444
  1264 25.27 0.0151 0.000838889
  1265 25.29 0.0154 0.000855556
  1266 25.31 0.0145 0.000805556
  1267 25.33 0.0152 0.000844444
  1268 25.35 0.0156 0.000866667
  1269 25.37 0.015 0.000833333
  1270 25.39 0.0152 0.000844444
  1271 25.41 0.0148 0.000822222
  1272 25.43 0.0154 0.000855556
  1273 25.45 0.0159 0.000883333
  1274 25.47 0.0151 0.000838889
  1275 25.49 0.0246 0.00136667
  1276 25.51 0.0235 0.00130556
  1277 25.53 0.0219 0.00121667
  1278 25.55 0.02 0.00111111
  1279 25.57 0.0181 0.00100556
  1280 25.59 0.0184 0.00102222
  1281 25.61 0.0177 0.000983333
  1282 25.63 0.0181 0.00100556
  1283 25.65 0.0175 0.000972222
  1284 25.67 0.0175 0.000972222
  1285 25.69 0.0174 0.000966667
  1286 25.71 0.0176 0.000977778
  1287 25.73 0.0179 0.000994444
  1288 25.75 0.0265 0.00147222
  1289 25.77 0.0252 0.0014
  1290 25.79 0.0242 0.00134444
  1291 25.81 0.0228 0.00126667
  1292 25.83 0.0217 0.00120556
  1293 25.85 0.0213 0.00118333
  1294 25.87 0.022 0.00122222
  1295 25.89 0.0203 0.00112778
  1296 25.91 0.0199 0.00110556
  1297 25.93 0.0199 0.00110556
  1298 25.95 0.0189 0.00105
  1299 25.97 0.0194 0.00107778
  1300 25.99 0.0192 0.00106667
  1301 26.01 0.019 0.00105556
  1302 26.03 0.019 0.00105556
  1303 26.05 0.0193 0.00107222
  1304 26.07 0.0194 0.00107778
  1305 26.09 0.0189 0.00105
  1306 26.11 0.019 0.00105556
  1307 26.13 0.0199 0.00110556
  1308 26.15 0.0183 0.00101667
  1309 26.17 0.0174 0.000966667
  1310 26.19 0.0177 0.000983333
  1311 26.21 0.0176 0.000977778
  1312 26.23 0.017 0.000944444
  1313 26.25 0.0169 0.000938889
  1314 26.27 0.0176 0.000977778
  1315 26.29 0.0169 0.000938889
  1316 26.31 0.0165 0.000916667
  1317 26.33 0.0172 0.000955556
  1318 26.35 0.0167 0.000927778
  1319 26.37 0.0167 0.000927778
  1320 26.39 0.0164 0.000911111
  1321 26.41 0.0161 0.000894444
  1322 26.43 0.0166 0.000922222
  1323 26.45 0.0157 0.000872222
  1324 26.47 0.0158 0.000877778
  1325 26.49 0.0151 0.000838889
  1326 26.51 0.015 0.000833333
  1327 26.53 0.0152 0.000844444
  1328 26.55 0.0154 0.000855556
  1329 26.57 0.0149 0.000827778
  1330 26.59 0.0144 0.0008
  1331 26.61 0.0151 0.000838889
  1332 26.63 0.0148 0.000822222
  1333 26.65 0.0146 0.000811111
  1334 26.67 0.0291 0.00161667
  1335 26.69 0.0218 0.00121111
  1336 26.71 0.0198 0.0011
  1337 26.73 0.0186 0.00103333
  1338 26.75 0.0184 0.00102222
  1339 26.77 0.0176 0.000977778
  1340 26.79 0.0172 0.000955556
  1341 26.81 0.0175 0.000972222
  1342 26.83 0.0169 0.000938889
  1343 26.85 0.017 0.000944444
  1344 26.87 0.0262 0.00145556
  1345 26.89 0.0352 0.00195556
  1346 26.91 0.0251 0.00139444
  1347 26.93 0.0224 0.00124444
  1348 26.95 0.0209 0.00116111
  1349 26.97 0.02 0.00111111
  1350 26.99 0.0198 0.0011
  1351 27.01 0.0193 0.00107222
  1352 27.03 0.0194 0.00107778
  1353 27.05 0.0184 0.00102222
  1354 27.07 0.019 0.00105556
  1355 27.09 0.019 0.00105556
  1356 27.11 0.0181 0.00100556
  1357 27.13 0.0185 0.00102778
  1358 27.15 0.0183 0.00101667
  1359 27.17 0.018 0.001
  1360 27.19 0.0178 0.000988889
  1361 27.21 0.0181 0.00100556
  1362 27.23 0.0179 0.000994444
  1363 27.25 0.0179 0.000994444
  1364 27.27 0.0177 0.000983333
  1365 27.29 0.0182 0.00101111
  1366 27.31 0.0171 0.00095
  1367 27.33 0.017 0.000944444
  1368 27.35 0.0174 0.000966667
  1369 27.37 0.0169 0.000938889
  1370 27.39 0.0167 0.000927778
  1371 27.41 0.0171 0.00095
  1372 27.43 0.0165 0.000916667
  1373 27.45 0.0165 0.000916667
  1374 27.47 0.0165 0.000916667
  1375 27.49 0.0159 0.000883333
  1376 27.51 0.0164 0.000911111
  1377 27.53 0.0163 0.000905556
  1378 27.55 0.0159 0.000883333
  1379 27.57 0.016 0.000888889
  1380 27.59 0.0153 0.00085
  1381 27.61 0.0158 0.000877778
  1382 27.63 0.0155 0.000861111
  1383 27.65 0.0152 0.000844444
  1384 27.67 0.0158 0.000877778
  1385 27.69 0.0156 0.000866667
  1386 27.71 0.015 0.000833333
  1387 27.73 0.015 0.000833333
  1388 27.75 0.0152 0.000844444
  1389 27.77 0.0149 0.000827778
  1390 27.79 0.0151 0.000838889
  1391 27.81 0.0181 0.00100556
  1392 27.83 0.0169 0.000938889
  1393 27.85 0.0169 0.000938889
  1394 27.87 0.0168 0.000933333
  1395 27.89 0.0165 0.000916667
  1396 27.91 0.0159 0.000883333
  1397 27.93 0.016 0.000888889
  1398 27.95 0.0168 0.000933333
  1399 27.97 0.0158 0.000877778
  1400 27.99 0.016 0.000888889
  1401 28.01 0.0158 0.000877778
  1402 28.03 0.0156 0.000866667
  1403 28.05 0.0161 0.000894444
  1404 28.07 0.0152 0.000844444
  1405 28.09 0.0152 0.000844444
  1406 28.11 0.0159 0.000883333
  1407 28.13 0.0148 0.000822222
  1408 28.15 0.0153 0.00085
  1409 28.17 0.0147 0.000816667
  1410 28.19 0.0153 0.00085
  1411 28.21 0.0145 0.000805556
  1412 28.23 0.0146 0.000811111
  1413 28.25 0.0149 0.000827778
  1414 28.27 0.0293 0.00162778
  1415 28.29 0.0213 0.00118333
  1416 28.31 0.0189 0.00105
  1417 28.33 0.0181 0.00100556
  1418 28.35 0.0178 0.000988889
  1419 28.37 0.0167 0.000927778
  1420 28.39 0.0167 0.000927778
  1421 28.41 0.0166 0.000922222
  1422 28.43 0.0158 0.000877778
  1423 28.45 0.0162 0.0009
  1424 28.47 0.0158 0.000877778
  1425 28.49 0.0152 0.000844444
  1426 28.51 0.0156 0.000866667
  1427 28.53 0.0157 0.000872222
  1428 28.55 0.015 0.000833333
  1429 28.57 0.0151 0.000838889
  1430 28.59 0.015 0.000833333
  1431 28.61 0.015 0.000833333
  1432 28.63 0.0148 0.000822222
  1433 28.65 0.015 0.000833333
  1434 28.67 0.015 0.000833333
  1435 28.69 0.0147 0.000816667
  1436 28.71 0.0148 0.000822222
  1437 28.73 0.0149 0.000827778
  1438 28.75 0.0155 0.000861111
  1439 28.77 0.0162 0.0009
  1440 28.79 0.0162 0.0009
  1441 28.81 0.0158 0.000877778
  1442 28.83 0.0162 0.0009
  1443 28.85 0.017 0.000944444
  1444 28.87 0.0169 0.000938889
  1445 28.89 0.02 0.00111111
  1446 28.91 0.0197 0.00109444
  1447 28.93 0.0133 0.000738889
  1448 28.95 0.0155 0.000861111
  1449 28.97 0.0082 0.000455556
  1450 28.99 0.0062 0.000344444
  1451 29.01 0.0066 0.000366667
  1452 29.03 0.0061 0.000338889
  1453 29.05 0.0048 0.000266667
  1454 29.07 0.0045 0.00025
  1455 29.09 0.0059 0.000327778
  1456 29.11 0.0065 0.000361111
  1457 29.13 0.0069 0.000383333
  1458 29.15 0.0075 0.000416667
  1459 29.17 0.0064 0.000355556
  1460 29.19 0.0048 0.000266667
  1461 29.21 0.0047 0.000261111
  1462 29.23 0.0049 0.000272222
  1463 29.25 0.0048 0.000266667
  1464 29.27 0.0048 0.000266667
  1465 29.29 0.0051 0.000283333
  1466 29.31 0.005 0.000277778
  1467 29.33 0.0018 0.0001
  1468 29.35 0.0016 8.88889e-05
  1469 29.37 0.0018 0.0001
  1470 29.39 0.0016 8.88889e-05
  1471 29.41 0.0018 0.0001
  1472 29.43 0.0017 9.44444e-05
  1473 29.45 0.0018 0.0001
  1474 29.47 0.0018 0.0001
  1475 29.49 0.0019 0.000105556
  1476 29.51 0.0024 0.000133333
  1477 29.53 0.0011 6.11111e-05
  1478 29.55 0.0018 0.0001
  1479 29.57 0.0017 9.44444e-05
  1480 29.59 0.0017 9.44444e-05
  1481 29.61 0.0018 0.0001
  1482 29.63 0.0022 0.000122222
  1483 29.65 0.0022 0.000122222
  1484 29.67 0.0023 0.000127778
  1485 29.69 0.0023 0.000127778
  1486 29.71 0.0023 0.000127778
  1487 29.73 0.0023 0.000127778
  1488 29.75 0.0023 0.000127778
  1489 29.77 0.0023 0.000127778
  1490 29.79 0.0023 0.000127778
  1491 29.81 0.0023 0.000127778
  1492 29.83 0.0024 0.000133333
  1493 29.85 0.0023 0.000127778
  1494 29.87 0.0024 0.000133333
  1495 29.89 0.0023 0.000127778
  1496 29.91 0.0024 0.000133333
  1497 29.93 0.0039 0.000216667
  1498 29.95 0.0042 0.000233333
  1499 29.97 0 0
  1500 29.99 0 0
