# Chunk-averaged data for fix avegroupN and group groupN
# Timestep Number-of-chunks Total-count
# Chunk Coord1 Ncount density/number
10000 1500 3499.9999999999955
  1 0.01 0 0
  2 0.03 0 0
  3 0.05 0 0
  4 0.07 0 0
  5 0.09 0 0
  6 0.11 0 0
  7 0.13 0 0
  8 0.15 0 0
  9 0.17 0 0
  10 0.19 0 0
  11 0.21 0 0
  12 0.23 0 0
  13 0.25 0 0
  14 0.27 0 0
  15 0.29 0 0
  16 0.31 0 0
  17 0.33 0 0
  18 0.35 0 0
  19 0.37 0 0
  20 0.39 0 0
  21 0.41 0 0
  22 0.43 0 0
  23 0.45 0 0
  24 0.47 0 0
  25 0.49 0 0
  26 0.51 0 0
  27 0.53 0 0
  28 0.55 0 0
  29 0.57 0 0
  30 0.59 0 0
  31 0.61 0 0
  32 0.63 0 0
  33 0.65 0 0
  34 0.67 0 0
  35 0.69 0 0
  36 0.71 0 0
  37 0.73 0 0
  38 0.75 0 0
  39 0.77 0 0
  40 0.79 0 0
  41 0.81 0 0
  42 0.83 0 0
  43 0.85 0 0
  44 0.87 0 0
  45 0.89 0 0
  46 0.91 0 0
  47 0.93 0 0
  48 0.95 0 0
  49 0.97 0 0
  50 0.99 0 0
  51 1.01 0 0
  52 1.03 0 0
  53 1.05 0 0
  54 1.07 0 0
  55 1.09 0 0
  56 1.11 0 0
  57 1.13 0 0
  58 1.15 0 0
  59 1.17 0 0
  60 1.19 0 0
  61 1.21 0 0
  62 1.23 0 0
  63 1.25 0 0
  64 1.27 0 0
  65 1.29 0 0
  66 1.31 0 0
  67 1.33 0 0
  68 1.35 0 0
  69 1.37 0 0
  70 1.39 0 0
  71 1.41 0 0
  72 1.43 0 0
  73 1.45 0 0
  74 1.47 0 0
  75 1.49 0 0
  76 1.51 0 0
  77 1.53 0 0
  78 1.55 0 0
  79 1.57 0 0
  80 1.59 0 0
  81 1.61 0 0
  82 1.63 0 0
  83 1.65 0 0
  84 1.67 0 0
  85 1.69 0 0
  86 1.71 0 0
  87 1.73 0 0
  88 1.75 0 0
  89 1.77 0 0
  90 1.79 0 0
  91 1.81 0 0
  92 1.83 0 0
  93 1.85 0 0
  94 1.87 0 0
  95 1.89 0 0
  96 1.91 0 0
  97 1.93 0 0
  98 1.95 0 0
  99 1.97 0 0
  100 1.99 0 0
  101 2.01 0 0
  102 2.03 0 0
  103 2.05 0 0
  104 2.07 0 0
  105 2.09 0 0
  106 2.11 0 0
  107 2.13 0 0
  108 2.15 0 0
  109 2.17 0 0
  110 2.19 0 0
  111 2.21 0 0
  112 2.23 0 0
  113 2.25 0 0
  114 2.27 0 0
  115 2.29 0 0
  116 2.31 0 0
  117 2.33 0 0
  118 2.35 0 0
  119 2.37 0 0
  120 2.39 0 0
  121 2.41 0 0
  122 2.43 0 0
  123 2.45 0 0
  124 2.47 0 0
  125 2.49 0 0
  126 2.51 0 0
  127 2.53 0 0
  128 2.55 0 0
  129 2.57 0 0
  130 2.59 0 0
  131 2.61 0 0
  132 2.63 0 0
  133 2.65 0 0
  134 2.67 0 0
  135 2.69 0 0
  136 2.71 0 0
  137 2.73 0 0
  138 2.75 0 0
  139 2.77 0 0
  140 2.79 0 0
  141 2.81 0 0
  142 2.83 0 0
  143 2.85 0 0
  144 2.87 0 0
  145 2.89 0 0
  146 2.91 0 0
  147 2.93 0 0
  148 2.95 0 0
  149 2.97 0 0
  150 2.99 0 0
  151 3.01 0 0
  152 3.03 0 0
  153 3.05 0 0
  154 3.07 0 0
  155 3.09 0 0
  156 3.11 0 0
  157 3.13 0 0
  158 3.15 0 0
  159 3.17 0 0
  160 3.19 0 0
  161 3.21 0 0
  162 3.23 0 0
  163 3.25 0 0
  164 3.27 0 0
  165 3.29 0 0
  166 3.31 0 0
  167 3.33 0 0
  168 3.35 0 0
  169 3.37 0 0
  170 3.39 0 0
  171 3.41 0 0
  172 3.43 0 0
  173 3.45 0 0
  174 3.47 0 0
  175 3.49 0 0
  176 3.51 0 0
  177 3.53 0 0
  178 3.55 0 0
  179 3.57 0 0
  180 3.59 0 0
  181 3.61 0 0
  182 3.63 0 0
  183 3.65 0 0
  184 3.67 0 0
  185 3.69 0 0
  186 3.71 0 0
  187 3.73 0 0
  188 3.75 0 0
  189 3.77 0 0
  190 3.79 0 0
  191 3.81 0 0
  192 3.83 0 0
  193 3.85 0 0
  194 3.87 0 0
  195 3.89 0 0
  196 3.91 0 0
  197 3.93 0 0
  198 3.95 0 0
  199 3.97 0 0
  200 3.99 0 0
  201 4.01 0 0
  202 4.03 0 0
  203 4.05 0 0
  204 4.07 0 0
  205 4.09 0 0
  206 4.11 0 0
  207 4.13 0 0
  208 4.15 0 0
  209 4.17 0 0
  210 4.19 0 0
  211 4.21 0 0
  212 4.23 0 0
  213 4.25 0 0
  214 4.27 0 0
  215 4.29 0 0
  216 4.31 0 0
  217 4.33 0 0
  218 4.35 0 0
  219 4.37 0 0
  220 4.39 0 0
  221 4.41 0 0
  222 4.43 0 0
  223 4.45 0 0
  224 4.47 0 0
  225 4.49 0 0
  226 4.51 0 0
  227 4.53 0 0
  228 4.55 0 0
  229 4.57 0 0
  230 4.59 0 0
  231 4.61 0 0
  232 4.63 0 0
  233 4.65 0 0
  234 4.67 0 0
  235 4.69 0 0
  236 4.71 0 0
  237 4.73 0 0
  238 4.75 0 0
  239 4.77 0 0
  240 4.79 0 0
  241 4.81 0 0
  242 4.83 0 0
  243 4.85 0 0
  244 4.87 0 0
  245 4.89 0 0
  246 4.91 0 0
  247 4.93 0 0
  248 4.95 0 0
  249 4.97 0 0
  250 4.99 0 0
  251 5.01 0 0
  252 5.03 0 0
  253 5.05 0 0
  254 5.07 0 0
  255 5.09 0 0
  256 5.11 0 0
  257 5.13 0 0
  258 5.15 0 0
  259 5.17 0 0
  260 5.19 0 0
  261 5.21 0 0
  262 5.23 0 0
  263 5.25 0 0
  264 5.27 0 0
  265 5.29 0 0
  266 5.31 0 0
  267 5.33 0 0
  268 5.35 0 0
  269 5.37 0 0
  270 5.39 0 0
  271 5.41 0 0
  272 5.43 0 0
  273 5.45 0 0
  274 5.47 0 0
  275 5.49 0 0
  276 5.51 0 0
  277 5.53 0 0
  278 5.55 0 0
  279 5.57 0 0
  280 5.59 0 0
  281 5.61 0 0
  282 5.63 0 0
  283 5.65 0 0
  284 5.67 0 0
  285 5.69 0 0
  286 5.71 0 0
  287 5.73 0 0
  288 5.75 0 0
  289 5.77 0 0
  290 5.79 0 0
  291 5.81 0 0
  292 5.83 0 0
  293 5.85 0 0
  294 5.87 0 0
  295 5.89 0 0
  296 5.91 0 0
  297 5.93 0 0
  298 5.95 0 0
  299 5.97 0 0
  300 5.99 0 0
  301 6.01 0 0
  302 6.03 0 0
  303 6.05 0 0
  304 6.07 0 0
  305 6.09 0 0
  306 6.11 0 0
  307 6.13 0 0
  308 6.15 0 0
  309 6.17 0 0
  310 6.19 0 0
  311 6.21 0 0
  312 6.23 0 0
  313 6.25 0 0
  314 6.27 0 0
  315 6.29 0 0
  316 6.31 0 0
  317 6.33 0 0
  318 6.35 0 0
  319 6.37 0 0
  320 6.39 0 0
  321 6.41 0 0
  322 6.43 0 0
  323 6.45 0 0
  324 6.47 0 0
  325 6.49 0 0
  326 6.51 0 0
  327 6.53 0 0
  328 6.55 0 0
  329 6.57 0 0
  330 6.59 0 0
  331 6.61 0 0
  332 6.63 0 0
  333 6.65 0 0
  334 6.67 0 0
  335 6.69 0 0
  336 6.71 0 0
  337 6.73 0 0
  338 6.75 0 0
  339 6.77 0 0
  340 6.79 0 0
  341 6.81 0 0
  342 6.83 0 0
  343 6.85 0 0
  344 6.87 0 0
  345 6.89 0 0
  346 6.91 0 0
  347 6.93 0 0
  348 6.95 0 0
  349 6.97 0 0
  350 6.99 0 0
  351 7.01 0 0
  352 7.03 0 0
  353 7.05 0 0
  354 7.07 0 0
  355 7.09 0 0
  356 7.11 0 0
  357 7.13 0 0
  358 7.15 0 0
  359 7.17 0 0
  360 7.19 0 0
  361 7.21 0 0
  362 7.23 0 0
  363 7.25 0 0
  364 7.27 0 0
  365 7.29 0 0
  366 7.31 0 0
  367 7.33 0 0
  368 7.35 0 0
  369 7.37 0 0
  370 7.39 0 0
  371 7.41 0 0
  372 7.43 0 0
  373 7.45 0 0
  374 7.47 0 0
  375 7.49 0 0
  376 7.51 0 0
  377 7.53 0 0
  378 7.55 0 0
  379 7.57 0 0
  380 7.59 0 0
  381 7.61 0 0
  382 7.63 0 0
  383 7.65 0 0
  384 7.67 0 0
  385 7.69 0 0
  386 7.71 0 0
  387 7.73 0 0
  388 7.75 0 0
  389 7.77 0 0
  390 7.79 0 0
  391 7.81 0 0
  392 7.83 0.0006 3.33333e-05
  393 7.85 0.0003 1.66667e-05
  394 7.87 0.0003 1.66667e-05
  395 7.89 0.0003 1.66667e-05
  396 7.91 0.0014 7.77778e-05
  397 7.93 0.0114 0.000633333
  398 7.95 0.0299 0.00166111
  399 7.97 0.0557 0.00309444
  400 7.99 0.0834 0.00463333
  401 8.01 0.1442 0.00801111
  402 8.03 0.2255 0.0125278
  403 8.05 0.3303 0.01835
  404 8.07 0.3747 0.0208167
  405 8.09 0.4554 0.0253
  406 8.11 0.5582 0.0310111
  407 8.13 0.5732 0.0318444
  408 8.15 0.5452 0.0302889
  409 8.17 0.6312 0.0350667
  410 8.19 0.6742 0.0374556
  411 8.21 0.6605 0.0366944
  412 8.23 0.68 0.0377778
  413 8.25 0.7079 0.0393278
  414 8.27 0.7054 0.0391889
  415 8.29 0.725 0.0402778
  416 8.31 0.6994 0.0388556
  417 8.33 0.7308 0.0406
  418 8.35 0.7162 0.0397889
  419 8.37 0.7701 0.0427833
  420 8.39 0.7832 0.0435111
  421 8.41 0.7452 0.0414
  422 8.43 0.7374 0.0409667
  423 8.45 0.7145 0.0396944
  424 8.47 0.7553 0.0419611
  425 8.49 0.7291 0.0405056
  426 8.51 0.6988 0.0388222
  427 8.53 0.7132 0.0396222
  428 8.55 0.6257 0.0347611
  429 8.57 0.6233 0.0346278
  430 8.59 0.6139 0.0341056
  431 8.61 0.5912 0.0328444
  432 8.63 0.6267 0.0348167
  433 8.65 0.6537 0.0363167
  434 8.67 0.6322 0.0351222
  435 8.69 0.6141 0.0341167
  436 8.71 0.6418 0.0356556
  437 8.73 0.6189 0.0343833
  438 8.75 0.6288 0.0349333
  439 8.77 0.6251 0.0347278
  440 8.79 0.6762 0.0375667
  441 8.81 0.6605 0.0366944
  442 8.83 0.6604 0.0366889
  443 8.85 0.657 0.0365
  444 8.87 0.6858 0.0381
  445 8.89 0.7205 0.0400278
  446 8.91 0.724 0.0402222
  447 8.93 0.741 0.0411667
  448 8.95 0.7764 0.0431333
  449 8.97 0.8823 0.0490167
  450 8.99 0.9123 0.0506833
  451 9.01 0.9449 0.0524944
  452 9.03 1.0089 0.05605
  453 9.05 1.0822 0.0601222
  454 9.07 1.1675 0.0648611
  455 9.09 1.1703 0.0650167
  456 9.11 1.199 0.0666111
  457 9.13 1.1801 0.0655611
  458 9.15 1.1722 0.0651222
  459 9.17 1.1613 0.0645167
  460 9.19 1.1418 0.0634333
  461 9.21 1.1325 0.0629167
  462 9.23 1.0568 0.0587111
  463 9.25 1.0706 0.0594778
  464 9.27 1.042 0.0578889
  465 9.29 0.9913 0.0550722
  466 9.31 0.9477 0.05265
  467 9.33 0.9416 0.0523111
  468 9.35 0.8887 0.0493722
  469 9.37 0.8238 0.0457667
  470 9.39 0.8657 0.0480944
  471 9.41 0.8004 0.0444667
  472 9.43 0.7797 0.0433167
  473 9.45 0.7374 0.0409667
  474 9.47 0.7651 0.0425056
  475 9.49 0.7354 0.0408556
  476 9.51 0.6861 0.0381167
  477 9.53 0.6919 0.0384389
  478 9.55 0.7052 0.0391778
  479 9.57 0.6873 0.0381833
  480 9.59 0.6504 0.0361333
  481 9.61 0.6452 0.0358444
  482 9.63 0.6407 0.0355944
  483 9.65 0.6207 0.0344833
  484 9.67 0.6197 0.0344278
  485 9.69 0.5933 0.0329611
  486 9.71 0.6071 0.0337278
  487 9.73 0.5561 0.0308944
  488 9.75 0.5606 0.0311444
  489 9.77 0.5695 0.0316389
  490 9.79 0.5836 0.0324222
  491 9.81 0.5392 0.0299556
  492 9.83 0.5547 0.0308167
  493 9.85 0.549 0.0305
  494 9.87 0.5204 0.0289111
  495 9.89 0.5032 0.0279556
  496 9.91 0.5358 0.0297667
  497 9.93 0.4758 0.0264333
  498 9.95 0.4689 0.02605
  499 9.97 0.4664 0.0259111
  500 9.99 0.5222 0.0290111
  501 10.01 0.4697 0.0260944
  502 10.03 0.4567 0.0253722
  503 10.05 0.4332 0.0240667
  504 10.07 0.4863 0.0270167
  505 10.09 0.4538 0.0252111
  506 10.11 0.4427 0.0245944
  507 10.13 0.4388 0.0243778
  508 10.15 0.4292 0.0238444
  509 10.17 0.4151 0.0230611
  510 10.19 0.4235 0.0235278
  511 10.21 0.4417 0.0245389
  512 10.23 0.4208 0.0233778
  513 10.25 0.4364 0.0242444
  514 10.27 0.4285 0.0238056
  515 10.29 0.4063 0.0225722
  516 10.31 0.4072 0.0226222
  517 10.33 0.3822 0.0212333
  518 10.35 0.3725 0.0206944
  519 10.37 0.4112 0.0228444
  520 10.39 0.4277 0.0237611
  521 10.41 0.4069 0.0226056
  522 10.43 0.4223 0.0234611
  523 10.45 0.4022 0.0223444
  524 10.47 0.41 0.0227778
  525 10.49 0.4161 0.0231167
  526 10.51 0.4043 0.0224611
  527 10.53 0.394 0.0218889
  528 10.55 0.3836 0.0213111
  529 10.57 0.3889 0.0216056
  530 10.59 0.4043 0.0224611
  531 10.61 0.3562 0.0197889
  532 10.63 0.3607 0.0200389
  533 10.65 0.3901 0.0216722
  534 10.67 0.3891 0.0216167
  535 10.69 0.3779 0.0209944
  536 10.71 0.3798 0.0211
  537 10.73 0.3441 0.0191167
  538 10.75 0.3195 0.01775
  539 10.77 0.3435 0.0190833
  540 10.79 0.3249 0.01805
  541 10.81 0.3301 0.0183389
  542 10.83 0.3346 0.0185889
  543 10.85 0.3249 0.01805
  544 10.87 0.3576 0.0198667
  545 10.89 0.3461 0.0192278
  546 10.91 0.3495 0.0194167
  547 10.93 0.3409 0.0189389
  548 10.95 0.3241 0.0180056
  549 10.97 0.3283 0.0182389
  550 10.99 0.3139 0.0174389
  551 11.01 0.3116 0.0173111
  552 11.03 0.3338 0.0185444
  553 11.05 0.3261 0.0181167
  554 11.07 0.3362 0.0186778
  555 11.09 0.3112 0.0172889
  556 11.11 0.3356 0.0186444
  557 11.13 0.3384 0.0188
  558 11.15 0.3534 0.0196333
  559 11.17 0.3386 0.0188111
  560 11.19 0.3736 0.0207556
  561 11.21 0.3607 0.0200389
  562 11.23 0.3166 0.0175889
  563 11.25 0.3275 0.0181944
  564 11.27 0.3452 0.0191778
  565 11.29 0.3611 0.0200611
  566 11.31 0.3416 0.0189778
  567 11.33 0.3227 0.0179278
  568 11.35 0.3207 0.0178167
  569 11.37 0.3203 0.0177944
  570 11.39 0.3389 0.0188278
  571 11.41 0.3284 0.0182444
  572 11.43 0.3395 0.0188611
  573 11.45 0.3631 0.0201722
  574 11.47 0.3512 0.0195111
  575 11.49 0.3652 0.0202889
  576 11.51 0.4181 0.0232278
  577 11.53 0.4175 0.0231944
  578 11.55 0.4038 0.0224333
  579 11.57 0.3993 0.0221833
  580 11.59 0.3911 0.0217278
  581 11.61 0.3881 0.0215611
  582 11.63 0.4086 0.0227
  583 11.65 0.4342 0.0241222
  584 11.67 0.4067 0.0225944
  585 11.69 0.4056 0.0225333
  586 11.71 0.4038 0.0224333
  587 11.73 0.4528 0.0251556
  588 11.75 0.4793 0.0266278
  589 11.77 0.4272 0.0237333
  590 11.79 0.428 0.0237778
  591 11.81 0.4244 0.0235778
  592 11.83 0.4379 0.0243278
  593 11.85 0.465 0.0258333
  594 11.87 0.4804 0.0266889
  595 11.89 0.4723 0.0262389
  596 11.91 0.4539 0.0252167
  597 11.93 0.467 0.0259444
  598 11.95 0.4816 0.0267556
  599 11.97 0.4885 0.0271389
  600 11.99 0.4841 0.0268944
  601 12.01 0.5061 0.0281167
  602 12.03 0.4952 0.0275111
  603 12.05 0.4745 0.0263611
  604 12.07 0.489 0.0271667
  605 12.09 0.4898 0.0272111
  606 12.11 0.4857 0.0269833
  607 12.13 0.5303 0.0294611
  608 12.15 0.5503 0.0305722
  609 12.17 0.574 0.0318889
  610 12.19 0.5754 0.0319667
  611 12.21 0.5408 0.0300444
  612 12.23 0.516 0.0286667
  613 12.25 0.5042 0.0280111
  614 12.27 0.5589 0.03105
  615 12.29 0.6006 0.0333667
  616 12.31 0.6316 0.0350889
  617 12.33 0.5762 0.0320111
  618 12.35 0.5849 0.0324944
  619 12.37 0.6215 0.0345278
  620 12.39 0.6067 0.0337056
  621 12.41 0.5862 0.0325667
  622 12.43 0.6355 0.0353056
  623 12.45 0.6154 0.0341889
  624 12.47 0.5904 0.0328
  625 12.49 0.593 0.0329444
  626 12.51 0.6037 0.0335389
  627 12.53 0.5585 0.0310278
  628 12.55 0.5509 0.0306056
  629 12.57 0.5573 0.0309611
  630 12.59 0.5661 0.03145
  631 12.61 0.5879 0.0326611
  632 12.63 0.5582 0.0310111
  633 12.65 0.5835 0.0324167
  634 12.67 0.598 0.0332222
  635 12.69 0.5921 0.0328944
  636 12.71 0.5391 0.02995
  637 12.73 0.5561 0.0308944
  638 12.75 0.5553 0.03085
  639 12.77 0.6029 0.0334944
  640 12.79 0.5572 0.0309556
  641 12.81 0.5591 0.0310611
  642 12.83 0.5672 0.0315111
  643 12.85 0.5722 0.0317889
  644 12.87 0.6045 0.0335833
  645 12.89 0.619 0.0343889
  646 12.91 0.589 0.0327222
  647 12.93 0.5681 0.0315611
  648 12.95 0.5414 0.0300778
  649 12.97 0.5679 0.03155
  650 12.99 0.5528 0.0307111
  651 13.01 0.5874 0.0326333
  652 13.03 0.5853 0.0325167
  653 13.05 0.5675 0.0315278
  654 13.07 0.5559 0.0308833
  655 13.09 0.5303 0.0294611
  656 13.11 0.5584 0.0310222
  657 13.13 0.546 0.0303333
  658 13.15 0.5516 0.0306444
  659 13.17 0.5415 0.0300833
  660 13.19 0.5361 0.0297833
  661 13.21 0.5864 0.0325778
  662 13.23 0.5918 0.0328778
  663 13.25 0.6274 0.0348556
  664 13.27 0.6132 0.0340667
  665 13.29 0.581 0.0322778
  666 13.31 0.5632 0.0312889
  667 13.33 0.5675 0.0315278
  668 13.35 0.5383 0.0299056
  669 13.37 0.5098 0.0283222
  670 13.39 0.5037 0.0279833
  671 13.41 0.5209 0.0289389
  672 13.43 0.4834 0.0268556
  673 13.45 0.4912 0.0272889
  674 13.47 0.5334 0.0296333
  675 13.49 0.5427 0.03015
  676 13.51 0.5134 0.0285222
  677 13.53 0.5672 0.0315111
  678 13.55 0.5283 0.02935
  679 13.57 0.5295 0.0294167
  680 13.59 0.5208 0.0289333
  681 13.61 0.5163 0.0286833
  682 13.63 0.5391 0.02995
  683 13.65 0.5049 0.02805
  684 13.67 0.5202 0.0289
  685 13.69 0.4806 0.0267
  686 13.71 0.4584 0.0254667
  687 13.73 0.4417 0.0245389
  688 13.75 0.4617 0.02565
  689 13.77 0.4758 0.0264333
  690 13.79 0.4873 0.0270722
  691 13.81 0.4978 0.0276556
  692 13.83 0.4853 0.0269611
  693 13.85 0.484 0.0268889
  694 13.87 0.484 0.0268889
  695 13.89 0.4673 0.0259611
  696 13.91 0.4014 0.0223
  697 13.93 0.4315 0.0239722
  698 13.95 0.4129 0.0229389
  699 13.97 0.3889 0.0216056
  700 13.99 0.4099 0.0227722
  701 14.01 0.4228 0.0234889
  702 14.03 0.4549 0.0252722
  703 14.05 0.4137 0.0229833
  704 14.07 0.4045 0.0224722
  705 14.09 0.4044 0.0224667
  706 14.11 0.4302 0.0239
  707 14.13 0.4289 0.0238278
  708 14.15 0.4453 0.0247389
  709 14.17 0.4822 0.0267889
  710 14.19 0.4626 0.0257
  711 14.21 0.467 0.0259444
  712 14.23 0.4498 0.0249889
  713 14.25 0.4783 0.0265722
  714 14.27 0.4765 0.0264722
  715 14.29 0.4688 0.0260444
  716 14.31 0.4722 0.0262333
  717 14.33 0.4695 0.0260833
  718 14.35 0.4748 0.0263778
  719 14.37 0.4357 0.0242056
  720 14.39 0.4405 0.0244722
  721 14.41 0.4208 0.0233778
  722 14.43 0.4011 0.0222833
  723 14.45 0.3848 0.0213778
  724 14.47 0.3786 0.0210333
  725 14.49 0.3795 0.0210833
  726 14.51 0.4 0.0222222
  727 14.53 0.4018 0.0223222
  728 14.55 0.3969 0.02205
  729 14.57 0.4131 0.02295
  730 14.59 0.4384 0.0243556
  731 14.61 0.4202 0.0233444
  732 14.63 0.4101 0.0227833
  733 14.65 0.4086 0.0227
  734 14.67 0.3944 0.0219111
  735 14.69 0.3934 0.0218556
  736 14.71 0.4081 0.0226722
  737 14.73 0.3917 0.0217611
  738 14.75 0.3993 0.0221833
  739 14.77 0.4147 0.0230389
  740 14.79 0.4315 0.0239722
  741 14.81 0.4231 0.0235056
  742 14.83 0.4152 0.0230667
  743 14.85 0.3899 0.0216611
  744 14.87 0.4106 0.0228111
  745 14.89 0.3741 0.0207833
  746 14.91 0.3842 0.0213444
  747 14.93 0.3905 0.0216944
  748 14.95 0.4129 0.0229389
  749 14.97 0.421 0.0233889
  750 14.99 0.4531 0.0251722
  751 15.01 0.418 0.0232222
  752 15.03 0.4081 0.0226722
  753 15.05 0.4294 0.0238556
  754 15.07 0.3884 0.0215778
  755 15.09 0.3743 0.0207944
  756 15.11 0.3702 0.0205667
  757 15.13 0.4041 0.02245
  758 15.15 0.4059 0.02255
  759 15.17 0.3999 0.0222167
  760 15.19 0.3688 0.0204889
  761 15.21 0.3892 0.0216222
  762 15.23 0.4272 0.0237333
  763 15.25 0.4288 0.0238222
  764 15.27 0.3987 0.02215
  765 15.29 0.4091 0.0227278
  766 15.31 0.3969 0.02205
  767 15.33 0.3963 0.0220167
  768 15.35 0.3884 0.0215778
  769 15.37 0.3877 0.0215389
  770 15.39 0.3709 0.0206056
  771 15.41 0.3828 0.0212667
  772 15.43 0.3827 0.0212611
  773 15.45 0.4118 0.0228778
  774 15.47 0.3929 0.0218278
  775 15.49 0.3764 0.0209111
  776 15.51 0.3784 0.0210222
  777 15.53 0.402 0.0223333
  778 15.55 0.3982 0.0221222
  779 15.57 0.3839 0.0213278
  780 15.59 0.39 0.0216667
  781 15.61 0.3911 0.0217278
  782 15.63 0.404 0.0224444
  783 15.65 0.4043 0.0224611
  784 15.67 0.3807 0.02115
  785 15.69 0.4023 0.02235
  786 15.71 0.4479 0.0248833
  787 15.73 0.4423 0.0245722
  788 15.75 0.4475 0.0248611
  789 15.77 0.4593 0.0255167
  790 15.79 0.4526 0.0251444
  791 15.81 0.4429 0.0246056
  792 15.83 0.4582 0.0254556
  793 15.85 0.4407 0.0244833
  794 15.87 0.4467 0.0248167
  795 15.89 0.4296 0.0238667
  796 15.91 0.4322 0.0240111
  797 15.93 0.4525 0.0251389
  798 15.95 0.4541 0.0252278
  799 15.97 0.4597 0.0255389
  800 15.99 0.4508 0.0250444
  801 16.01 0.4593 0.0255167
  802 16.03 0.497 0.0276111
  803 16.05 0.4919 0.0273278
  804 16.07 0.4711 0.0261722
  805 16.09 0.4636 0.0257556
  806 16.11 0.4552 0.0252889
  807 16.13 0.4678 0.0259889
  808 16.15 0.4715 0.0261944
  809 16.17 0.4919 0.0273278
  810 16.19 0.5171 0.0287278
  811 16.21 0.468 0.026
  812 16.23 0.4876 0.0270889
  813 16.25 0.5353 0.0297389
  814 16.27 0.5453 0.0302944
  815 16.29 0.5362 0.0297889
  816 16.31 0.5144 0.0285778
  817 16.33 0.5349 0.0297167
  818 16.35 0.5156 0.0286444
  819 16.37 0.5009 0.0278278
  820 16.39 0.516 0.0286667
  821 16.41 0.4964 0.0275778
  822 16.43 0.5023 0.0279056
  823 16.45 0.5245 0.0291389
  824 16.47 0.5441 0.0302278
  825 16.49 0.5636 0.0313111
  826 16.51 0.5638 0.0313222
  827 16.53 0.5079 0.0282167
  828 16.55 0.5147 0.0285944
  829 16.57 0.5309 0.0294944
  830 16.59 0.5288 0.0293778
  831 16.61 0.5408 0.0300444
  832 16.63 0.5195 0.0288611
  833 16.65 0.5325 0.0295833
  834 16.67 0.5225 0.0290278
  835 16.69 0.5215 0.0289722
  836 16.71 0.5276 0.0293111
  837 16.73 0.5265 0.02925
  838 16.75 0.5316 0.0295333
  839 16.77 0.5409 0.03005
  840 16.79 0.5518 0.0306556
  841 16.81 0.5232 0.0290667
  842 16.83 0.523 0.0290556
  843 16.85 0.4822 0.0267889
  844 16.87 0.527 0.0292778
  845 16.89 0.5112 0.0284
  846 16.91 0.5104 0.0283556
  847 16.93 0.5098 0.0283222
  848 16.95 0.5394 0.0299667
  849 16.97 0.5642 0.0313444
  850 16.99 0.551 0.0306111
  851 17.01 0.5596 0.0310889
  852 17.03 0.5703 0.0316833
  853 17.05 0.5732 0.0318444
  854 17.07 0.5304 0.0294667
  855 17.09 0.5669 0.0314944
  856 17.11 0.5566 0.0309222
  857 17.13 0.5323 0.0295722
  858 17.15 0.5661 0.03145
  859 17.17 0.5656 0.0314222
  860 17.19 0.57 0.0316667
  861 17.21 0.5494 0.0305222
  862 17.23 0.5574 0.0309667
  863 17.25 0.5617 0.0312056
  864 17.27 0.5413 0.0300722
  865 17.29 0.5861 0.0325611
  866 17.31 0.5805 0.03225
  867 17.33 0.5533 0.0307389
  868 17.35 0.5583 0.0310167
  869 17.37 0.5812 0.0322889
  870 17.39 0.5305 0.0294722
  871 17.41 0.5198 0.0288778
  872 17.43 0.5042 0.0280111
  873 17.45 0.5671 0.0315056
  874 17.47 0.57 0.0316667
  875 17.49 0.5662 0.0314556
  876 17.51 0.5735 0.0318611
  877 17.53 0.5483 0.0304611
  878 17.55 0.5748 0.0319333
  879 17.57 0.5626 0.0312556
  880 17.59 0.5309 0.0294944
  881 17.61 0.5198 0.0288778
  882 17.63 0.5138 0.0285444
  883 17.65 0.5337 0.02965
  884 17.67 0.5346 0.0297
  885 17.69 0.5267 0.0292611
  886 17.71 0.512 0.0284444
  887 17.73 0.4859 0.0269944
  888 17.75 0.4864 0.0270222
  889 17.77 0.5006 0.0278111
  890 17.79 0.495 0.0275
  891 17.81 0.4942 0.0274556
  892 17.83 0.4874 0.0270778
  893 17.85 0.4995 0.02775
  894 17.87 0.4961 0.0275611
  895 17.89 0.4761 0.02645
  896 17.91 0.4569 0.0253833
  897 17.93 0.4782 0.0265667
  898 17.95 0.4687 0.0260389
  899 17.97 0.4775 0.0265278
  900 17.99 0.4645 0.0258056
  901 18.01 0.4389 0.0243833
  902 18.03 0.4682 0.0260111
  903 18.05 0.4848 0.0269333
  904 18.07 0.4857 0.0269833
  905 18.09 0.4668 0.0259333
  906 18.11 0.462 0.0256667
  907 18.13 0.4583 0.0254611
  908 18.15 0.4589 0.0254944
  909 18.17 0.4619 0.0256611
  910 18.19 0.4392 0.0244
  911 18.21 0.4385 0.0243611
  912 18.23 0.4515 0.0250833
  913 18.25 0.4084 0.0226889
  914 18.27 0.4298 0.0238778
  915 18.29 0.4174 0.0231889
  916 18.31 0.414 0.023
  917 18.33 0.427 0.0237222
  918 18.35 0.3845 0.0213611
  919 18.37 0.3738 0.0207667
  920 18.39 0.3524 0.0195778
  921 18.41 0.3745 0.0208056
  922 18.43 0.3502 0.0194556
  923 18.45 0.351 0.0195
  924 18.47 0.3603 0.0200167
  925 18.49 0.3408 0.0189333
  926 18.51 0.3354 0.0186333
  927 18.53 0.3314 0.0184111
  928 18.55 0.336 0.0186667
  929 18.57 0.3444 0.0191333
  930 18.59 0.3363 0.0186833
  931 18.61 0.3319 0.0184389
  932 18.63 0.3248 0.0180444
  933 18.65 0.3178 0.0176556
  934 18.67 0.2965 0.0164722
  935 18.69 0.2794 0.0155222
  936 18.71 0.273 0.0151667
  937 18.73 0.2903 0.0161278
  938 18.75 0.3047 0.0169278
  939 18.77 0.2862 0.0159
  940 18.79 0.2842 0.0157889
  941 18.81 0.2889 0.01605
  942 18.83 0.298 0.0165556
  943 18.85 0.299 0.0166111
  944 18.87 0.3258 0.0181
  945 18.89 0.313 0.0173889
  946 18.91 0.2744 0.0152444
  947 18.93 0.2979 0.01655
  948 18.95 0.3025 0.0168056
  949 18.97 0.2965 0.0164722
  950 18.99 0.3054 0.0169667
  951 19.01 0.3047 0.0169278
  952 19.03 0.3008 0.0167111
  953 19.05 0.2944 0.0163556
  954 19.07 0.3163 0.0175722
  955 19.09 0.3194 0.0177444
  956 19.11 0.2989 0.0166056
  957 19.13 0.2993 0.0166278
  958 19.15 0.2935 0.0163056
  959 19.17 0.2989 0.0166056
  960 19.19 0.3263 0.0181278
  961 19.21 0.3436 0.0190889
  962 19.23 0.3272 0.0181778
  963 19.25 0.3297 0.0183167
  964 19.27 0.3024 0.0168
  965 19.29 0.301 0.0167222
  966 19.31 0.332 0.0184444
  967 19.33 0.3248 0.0180444
  968 19.35 0.3598 0.0199889
  969 19.37 0.3493 0.0194056
  970 19.39 0.3631 0.0201722
  971 19.41 0.3442 0.0191222
  972 19.43 0.3308 0.0183778
  973 19.45 0.3184 0.0176889
  974 19.47 0.3247 0.0180389
  975 19.49 0.3139 0.0174389
  976 19.51 0.3242 0.0180111
  977 19.53 0.3376 0.0187556
  978 19.55 0.3237 0.0179833
  979 19.57 0.31 0.0172222
  980 19.59 0.3078 0.0171
  981 19.61 0.3008 0.0167111
  982 19.63 0.3041 0.0168944
  983 19.65 0.3299 0.0183278
  984 19.67 0.3336 0.0185333
  985 19.69 0.3203 0.0177944
  986 19.71 0.3667 0.0203722
  987 19.73 0.3678 0.0204333
  988 19.75 0.3687 0.0204833
  989 19.77 0.3756 0.0208667
  990 19.79 0.3592 0.0199556
  991 19.81 0.3402 0.0189
  992 19.83 0.3666 0.0203667
  993 19.85 0.3903 0.0216833
  994 19.87 0.407 0.0226111
  995 19.89 0.3787 0.0210389
  996 19.91 0.3673 0.0204056
  997 19.93 0.382 0.0212222
  998 19.95 0.4015 0.0223056
  999 19.97 0.3902 0.0216778
  1000 19.99 0.3971 0.0220611
  1001 20.01 0.3947 0.0219278
  1002 20.03 0.4015 0.0223056
  1003 20.05 0.4183 0.0232389
  1004 20.07 0.4367 0.0242611
  1005 20.09 0.4186 0.0232556
  1006 20.11 0.4358 0.0242111
  1007 20.13 0.4213 0.0234056
  1008 20.15 0.4353 0.0241833
  1009 20.17 0.4586 0.0254778
  1010 20.19 0.4491 0.02495
  1011 20.21 0.4782 0.0265667
  1012 20.23 0.4533 0.0251833
  1013 20.25 0.4536 0.0252
  1014 20.27 0.4452 0.0247333
  1015 20.29 0.4757 0.0264278
  1016 20.31 0.5032 0.0279556
  1017 20.33 0.5312 0.0295111
  1018 20.35 0.5568 0.0309333
  1019 20.37 0.5721 0.0317833
  1020 20.39 0.5448 0.0302667
  1021 20.41 0.5362 0.0297889
  1022 20.43 0.5513 0.0306278
  1023 20.45 0.5716 0.0317556
  1024 20.47 0.5971 0.0331722
  1025 20.49 0.5783 0.0321278
  1026 20.51 0.5659 0.0314389
  1027 20.53 0.5663 0.0314611
  1028 20.55 0.5948 0.0330444
  1029 20.57 0.6297 0.0349833
  1030 20.59 0.6645 0.0369167
  1031 20.61 0.6561 0.03645
  1032 20.63 0.6821 0.0378944
  1033 20.65 0.725 0.0402778
  1034 20.67 0.7651 0.0425056
  1035 20.69 0.755 0.0419444
  1036 20.71 0.7541 0.0418944
  1037 20.73 0.8235 0.04575
  1038 20.75 0.8391 0.0466167
  1039 20.77 0.8387 0.0465944
  1040 20.79 0.8516 0.0473111
  1041 20.81 0.8258 0.0458778
  1042 20.83 0.8669 0.0481611
  1043 20.85 0.8536 0.0474222
  1044 20.87 0.8951 0.0497278
  1045 20.89 0.8922 0.0495667
  1046 20.91 0.8621 0.0478944
  1047 20.93 0.8504 0.0472444
  1048 20.95 0.8411 0.0467278
  1049 20.97 0.789 0.0438333
  1050 20.99 0.7508 0.0417111
  1051 21.01 0.6712 0.0372889
  1052 21.03 0.6554 0.0364111
  1053 21.05 0.6655 0.0369722
  1054 21.07 0.6392 0.0355111
  1055 21.09 0.6555 0.0364167
  1056 21.11 0.6181 0.0343389
  1057 21.13 0.5496 0.0305333
  1058 21.15 0.5388 0.0299333
  1059 21.17 0.5521 0.0306722
  1060 21.19 0.5588 0.0310444
  1061 21.21 0.5522 0.0306778
  1062 21.23 0.5131 0.0285056
  1063 21.25 0.5233 0.0290722
  1064 21.27 0.5238 0.0291
  1065 21.29 0.5381 0.0298944
  1066 21.31 0.5397 0.0299833
  1067 21.33 0.498 0.0276667
  1068 21.35 0.5229 0.02905
  1069 21.37 0.557 0.0309444
  1070 21.39 0.5118 0.0284333
  1071 21.41 0.5272 0.0292889
  1072 21.43 0.5301 0.02945
  1073 21.45 0.5323 0.0295722
  1074 21.47 0.4882 0.0271222
  1075 21.49 0.4964 0.0275778
  1076 21.51 0.4989 0.0277167
  1077 21.53 0.5199 0.0288833
  1078 21.55 0.5577 0.0309833
  1079 21.57 0.5446 0.0302556
  1080 21.59 0.5557 0.0308722
  1081 21.61 0.5298 0.0294333
  1082 21.63 0.5148 0.0286
  1083 21.65 0.5214 0.0289667
  1084 21.67 0.5456 0.0303111
  1085 21.69 0.5258 0.0292111
  1086 21.71 0.4819 0.0267722
  1087 21.73 0.4551 0.0252833
  1088 21.75 0.4617 0.02565
  1089 21.77 0.4566 0.0253667
  1090 21.79 0.4504 0.0250222
  1091 21.81 0.4761 0.02645
  1092 21.83 0.4418 0.0245444
  1093 21.85 0.3953 0.0219611
  1094 21.87 0.372 0.0206667
  1095 21.89 0.3083 0.0171278
  1096 21.91 0.2837 0.0157611
  1097 21.93 0.2294 0.0127444
  1098 21.95 0.1946 0.0108111
  1099 21.97 0.1564 0.00868889
  1100 21.99 0.1072 0.00595556
  1101 22.01 0.0752 0.00417778
  1102 22.03 0.0469 0.00260556
  1103 22.05 0.0231 0.00128333
  1104 22.07 0.0065 0.000361111
  1105 22.09 0.0009 5e-05
  1106 22.11 0 0
  1107 22.13 0 0
  1108 22.15 0 0
  1109 22.17 0 0
  1110 22.19 0 0
  1111 22.21 0 0
  1112 22.23 0 0
  1113 22.25 0 0
  1114 22.27 0 0
  1115 22.29 0 0
  1116 22.31 0 0
  1117 22.33 0 0
  1118 22.35 0 0
  1119 22.37 0 0
  1120 22.39 0 0
  1121 22.41 0 0
  1122 22.43 0 0
  1123 22.45 0 0
  1124 22.47 0 0
  1125 22.49 0 0
  1126 22.51 0 0
  1127 22.53 0 0
  1128 22.55 0 0
  1129 22.57 0 0
  1130 22.59 0 0
  1131 22.61 0 0
  1132 22.63 0 0
  1133 22.65 0 0
  1134 22.67 0 0
  1135 22.69 0 0
  1136 22.71 0 0
  1137 22.73 0 0
  1138 22.75 0 0
  1139 22.77 0 0
  1140 22.79 0 0
  1141 22.81 0 0
  1142 22.83 0 0
  1143 22.85 0 0
  1144 22.87 0 0
  1145 22.89 0 0
  1146 22.91 0 0
  1147 22.93 0 0
  1148 22.95 0 0
  1149 22.97 0 0
  1150 22.99 0 0
  1151 23.01 0 0
  1152 23.03 0 0
  1153 23.05 0 0
  1154 23.07 0 0
  1155 23.09 0 0
  1156 23.11 0 0
  1157 23.13 0 0
  1158 23.15 0 0
  1159 23.17 0 0
  1160 23.19 0 0
  1161 23.21 0 0
  1162 23.23 0 0
  1163 23.25 0 0
  1164 23.27 0 0
  1165 23.29 0 0
  1166 23.31 0 0
  1167 23.33 0 0
  1168 23.35 0 0
  1169 23.37 0 0
  1170 23.39 0 0
  1171 23.41 0 0
  1172 23.43 0 0
  1173 23.45 0 0
  1174 23.47 0 0
  1175 23.49 0 0
  1176 23.51 0 0
  1177 23.53 0 0
  1178 23.55 0 0
  1179 23.57 0 0
  1180 23.59 0 0
  1181 23.61 0 0
  1182 23.63 0 0
  1183 23.65 0 0
  1184 23.67 0 0
  1185 23.69 0 0
  1186 23.71 0 0
  1187 23.73 0 0
  1188 23.75 0 0
  1189 23.77 0 0
  1190 23.79 0 0
  1191 23.81 0 0
  1192 23.83 0 0
  1193 23.85 0 0
  1194 23.87 0 0
  1195 23.89 0 0
  1196 23.91 0 0
  1197 23.93 0 0
  1198 23.95 0 0
  1199 23.97 0 0
  1200 23.99 0 0
  1201 24.01 0 0
  1202 24.03 0 0
  1203 24.05 0 0
  1204 24.07 0 0
  1205 24.09 0 0
  1206 24.11 0 0
  1207 24.13 0 0
  1208 24.15 0 0
  1209 24.17 0 0
  1210 24.19 0 0
  1211 24.21 0 0
  1212 24.23 0 0
  1213 24.25 0 0
  1214 24.27 0 0
  1215 24.29 0 0
  1216 24.31 0 0
  1217 24.33 0 0
  1218 24.35 0 0
  1219 24.37 0 0
  1220 24.39 0 0
  1221 24.41 0 0
  1222 24.43 0 0
  1223 24.45 0 0
  1224 24.47 0 0
  1225 24.49 0 0
  1226 24.51 0 0
  1227 24.53 0 0
  1228 24.55 0 0
  1229 24.57 0 0
  1230 24.59 0 0
  1231 24.61 0 0
  1232 24.63 0 0
  1233 24.65 0 0
  1234 24.67 0 0
  1235 24.69 0 0
  1236 24.71 0 0
  1237 24.73 0 0
  1238 24.75 0 0
  1239 24.77 0 0
  1240 24.79 0 0
  1241 24.81 0 0
  1242 24.83 0 0
  1243 24.85 0 0
  1244 24.87 0 0
  1245 24.89 0 0
  1246 24.91 0 0
  1247 24.93 0 0
  1248 24.95 0 0
  1249 24.97 0 0
  1250 24.99 0 0
  1251 25.01 0 0
  1252 25.03 0 0
  1253 25.05 0 0
  1254 25.07 0 0
  1255 25.09 0 0
  1256 25.11 0 0
  1257 25.13 0 0
  1258 25.15 0 0
  1259 25.17 0 0
  1260 25.19 0 0
  1261 25.21 0 0
  1262 25.23 0 0
  1263 25.25 0 0
  1264 25.27 0 0
  1265 25.29 0 0
  1266 25.31 0 0
  1267 25.33 0 0
  1268 25.35 0 0
  1269 25.37 0 0
  1270 25.39 0 0
  1271 25.41 0 0
  1272 25.43 0 0
  1273 25.45 0 0
  1274 25.47 0 0
  1275 25.49 0 0
  1276 25.51 0 0
  1277 25.53 0 0
  1278 25.55 0 0
  1279 25.57 0 0
  1280 25.59 0 0
  1281 25.61 0 0
  1282 25.63 0 0
  1283 25.65 0 0
  1284 25.67 0 0
  1285 25.69 0 0
  1286 25.71 0 0
  1287 25.73 0 0
  1288 25.75 0 0
  1289 25.77 0 0
  1290 25.79 0 0
  1291 25.81 0 0
  1292 25.83 0 0
  1293 25.85 0 0
  1294 25.87 0 0
  1295 25.89 0 0
  1296 25.91 0 0
  1297 25.93 0 0
  1298 25.95 0 0
  1299 25.97 0 0
  1300 25.99 0 0
  1301 26.01 0 0
  1302 26.03 0 0
  1303 26.05 0 0
  1304 26.07 0 0
  1305 26.09 0 0
  1306 26.11 0 0
  1307 26.13 0 0
  1308 26.15 0 0
  1309 26.17 0 0
  1310 26.19 0 0
  1311 26.21 0 0
  1312 26.23 0 0
  1313 26.25 0 0
  1314 26.27 0 0
  1315 26.29 0 0
  1316 26.31 0 0
  1317 26.33 0 0
  1318 26.35 0 0
  1319 26.37 0 0
  1320 26.39 0 0
  1321 26.41 0 0
  1322 26.43 0 0
  1323 26.45 0 0
  1324 26.47 0 0
  1325 26.49 0 0
  1326 26.51 0 0
  1327 26.53 0 0
  1328 26.55 0 0
  1329 26.57 0 0
  1330 26.59 0 0
  1331 26.61 0 0
  1332 26.63 0 0
  1333 26.65 0 0
  1334 26.67 0 0
  1335 26.69 0 0
  1336 26.71 0 0
  1337 26.73 0 0
  1338 26.75 0 0
  1339 26.77 0 0
  1340 26.79 0 0
  1341 26.81 0 0
  1342 26.83 0 0
  1343 26.85 0 0
  1344 26.87 0 0
  1345 26.89 0 0
  1346 26.91 0 0
  1347 26.93 0 0
  1348 26.95 0 0
  1349 26.97 0 0
  1350 26.99 0 0
  1351 27.01 0 0
  1352 27.03 0 0
  1353 27.05 0 0
  1354 27.07 0 0
  1355 27.09 0 0
  1356 27.11 0 0
  1357 27.13 0 0
  1358 27.15 0 0
  1359 27.17 0 0
  1360 27.19 0 0
  1361 27.21 0 0
  1362 27.23 0 0
  1363 27.25 0 0
  1364 27.27 0 0
  1365 27.29 0 0
  1366 27.31 0 0
  1367 27.33 0 0
  1368 27.35 0 0
  1369 27.37 0 0
  1370 27.39 0 0
  1371 27.41 0 0
  1372 27.43 0 0
  1373 27.45 0 0
  1374 27.47 0 0
  1375 27.49 0 0
  1376 27.51 0 0
  1377 27.53 0 0
  1378 27.55 0 0
  1379 27.57 0 0
  1380 27.59 0 0
  1381 27.61 0 0
  1382 27.63 0 0
  1383 27.65 0 0
  1384 27.67 0 0
  1385 27.69 0 0
  1386 27.71 0 0
  1387 27.73 0 0
  1388 27.75 0 0
  1389 27.77 0 0
  1390 27.79 0 0
  1391 27.81 0 0
  1392 27.83 0 0
  1393 27.85 0 0
  1394 27.87 0 0
  1395 27.89 0 0
  1396 27.91 0 0
  1397 27.93 0 0
  1398 27.95 0 0
  1399 27.97 0 0
  1400 27.99 0 0
  1401 28.01 0 0
  1402 28.03 0 0
  1403 28.05 0 0
  1404 28.07 0 0
  1405 28.09 0 0
  1406 28.11 0 0
  1407 28.13 0 0
  1408 28.15 0 0
  1409 28.17 0 0
  1410 28.19 0 0
  1411 28.21 0 0
  1412 28.23 0 0
  1413 28.25 0 0
  1414 28.27 0 0
  1415 28.29 0 0
  1416 28.31 0 0
  1417 28.33 0 0
  1418 28.35 0 0
  1419 28.37 0 0
  1420 28.39 0 0
  1421 28.41 0 0
  1422 28.43 0 0
  1423 28.45 0 0
  1424 28.47 0 0
  1425 28.49 0 0
  1426 28.51 0 0
  1427 28.53 0 0
  1428 28.55 0 0
  1429 28.57 0 0
  1430 28.59 0 0
  1431 28.61 0 0
  1432 28.63 0 0
  1433 28.65 0 0
  1434 28.67 0 0
  1435 28.69 0 0
  1436 28.71 0 0
  1437 28.73 0 0
  1438 28.75 0 0
  1439 28.77 0 0
  1440 28.79 0 0
  1441 28.81 0 0
  1442 28.83 0 0
  1443 28.85 0 0
  1444 28.87 0 0
  1445 28.89 0 0
  1446 28.91 0 0
  1447 28.93 0 0
  1448 28.95 0 0
  1449 28.97 0 0
  1450 28.99 0 0
  1451 29.01 0 0
  1452 29.03 0 0
  1453 29.05 0 0
  1454 29.07 0 0
  1455 29.09 0 0
  1456 29.11 0 0
  1457 29.13 0 0
  1458 29.15 0 0
  1459 29.17 0 0
  1460 29.19 0 0
  1461 29.21 0 0
  1462 29.23 0 0
  1463 29.25 0 0
  1464 29.27 0 0
  1465 29.29 0 0
  1466 29.31 0 0
  1467 29.33 0 0
  1468 29.35 0 0
  1469 29.37 0 0
  1470 29.39 0 0
  1471 29.41 0 0
  1472 29.43 0 0
  1473 29.45 0 0
  1474 29.47 0 0
  1475 29.49 0 0
  1476 29.51 0 0
  1477 29.53 0 0
  1478 29.55 0 0
  1479 29.57 0 0
  1480 29.59 0 0
  1481 29.61 0 0
  1482 29.63 0 0
  1483 29.65 0 0
  1484 29.67 0 0
  1485 29.69 0 0
  1486 29.71 0 0
  1487 29.73 0 0
  1488 29.75 0 0
  1489 29.77 0 0
  1490 29.79 0 0
  1491 29.81 0 0
  1492 29.83 0 0
  1493 29.85 0 0
  1494 29.87 0 0
  1495 29.89 0 0
  1496 29.91 0 0
  1497 29.93 0 0
  1498 29.95 0 0
  1499 29.97 0 0
  1500 29.99 0 0
